{"/home/travis/build/npmtest/node-npmtest-later/test.js":{"path":"/home/travis/build/npmtest/node-npmtest-later/test.js","s":{"1":2,"2":2,"3":2,"4":2,"5":2,"6":2,"7":2,"8":1,"9":2,"10":2,"11":1,"12":1,"13":1,"14":1,"15":2,"16":2,"17":2,"18":2,"19":1,"20":1,"21":2,"22":2,"23":2,"24":1,"25":1,"26":1,"27":1,"28":1,"29":1,"30":1,"31":1,"32":1,"33":1,"34":1,"35":1,"36":1,"37":1,"38":1,"39":2,"40":2,"41":1,"42":2,"43":2,"44":1,"45":2,"46":2,"47":1,"48":2,"49":2,"50":1,"51":1,"52":1,"53":1,"54":1},"b":{"1":[2,1,1,1],"2":[1,1,1,1],"3":[1,1],"4":[1,1],"5":[1,1],"6":[1,1],"7":[1,1],"8":[1,1],"9":[1,1],"10":[1,1,1],"11":[1,1],"12":[1,1],"13":[1,1],"14":[1,1],"15":[1,1],"16":[1,1],"17":[1,1]},"f":{"1":2,"2":2,"3":2,"4":2,"5":2,"6":1,"7":1,"8":1,"9":2,"10":2,"11":2,"12":2,"13":1},"fnMap":{"1":{"name":"(anonymous_1)","line":12,"loc":{"start":{"line":12,"column":1},"end":{"line":12,"column":13}}},"2":{"name":"(anonymous_2)","line":19,"loc":{"start":{"line":19,"column":5},"end":{"line":19,"column":17}}},"3":{"name":"(anonymous_3)","line":23,"loc":{"start":{"line":23,"column":24},"end":{"line":23,"column":36}}},"4":{"name":"(anonymous_4)","line":61,"loc":{"start":{"line":61,"column":5},"end":{"line":61,"column":17}}},"5":{"name":"(anonymous_5)","line":82,"loc":{"start":{"line":82,"column":5},"end":{"line":82,"column":17}}},"6":{"name":"(anonymous_6)","line":91,"loc":{"start":{"line":91,"column":77},"end":{"line":94,"column":10}}},"7":{"name":"(anonymous_7)","line":112,"loc":{"start":{"line":112,"column":83},"end":{"line":115,"column":10}},"skip":true},"8":{"name":"(anonymous_8)","line":123,"loc":{"start":{"line":123,"column":77},"end":{"line":126,"column":10}},"skip":true},"9":{"name":"(anonymous_9)","line":139,"loc":{"start":{"line":139,"column":12},"end":{"line":139,"column":40}},"skip":true},"10":{"name":"(anonymous_10)","line":147,"loc":{"start":{"line":147,"column":77},"end":{"line":150,"column":10}},"skip":true},"11":{"name":"(anonymous_11)","line":158,"loc":{"start":{"line":158,"column":83},"end":{"line":161,"column":10}},"skip":true},"12":{"name":"(anonymous_12)","line":169,"loc":{"start":{"line":169,"column":79},"end":{"line":172,"column":10}},"skip":true},"13":{"name":"(anonymous_13)","line":180,"loc":{"start":{"line":180,"column":75},"end":{"line":183,"column":10}},"skip":true}},"statementMap":{"1":{"start":{"line":12,"column":0},"end":{"line":195,"column":5}},"2":{"start":{"line":14,"column":4},"end":{"line":14,"column":14}},"3":{"start":{"line":19,"column":4},"end":{"line":56,"column":9}},"4":{"start":{"line":21,"column":8},"end":{"line":21,"column":19}},"5":{"start":{"line":23,"column":8},"end":{"line":35,"column":13}},"6":{"start":{"line":24,"column":12},"end":{"line":34,"column":13}},"7":{"start":{"line":25,"column":16},"end":{"line":28,"column":30}},"8":{"start":{"line":30,"column":16},"end":{"line":33,"column":27}},"9":{"start":{"line":37,"column":8},"end":{"line":39,"column":21}},"10":{"start":{"line":40,"column":8},"end":{"line":53,"column":9}},"11":{"start":{"line":43,"column":12},"end":{"line":46,"column":14}},"12":{"start":{"line":47,"column":12},"end":{"line":47,"column":18}},"13":{"start":{"line":50,"column":12},"end":{"line":51,"column":46}},"14":{"start":{"line":52,"column":12},"end":{"line":52,"column":18}},"15":{"start":{"line":55,"column":8},"end":{"line":55,"column":35}},"16":{"start":{"line":61,"column":4},"end":{"line":63,"column":9}},"17":{"start":{"line":62,"column":8},"end":{"line":62,"column":15}},"18":{"start":{"line":64,"column":4},"end":{"line":77,"column":5}},"19":{"start":{"line":70,"column":8},"end":{"line":70,"column":14}},"20":{"start":{"line":76,"column":8},"end":{"line":76,"column":14}},"21":{"start":{"line":82,"column":4},"end":{"line":84,"column":9}},"22":{"start":{"line":83,"column":8},"end":{"line":83,"column":15}},"23":{"start":{"line":85,"column":4},"end":{"line":194,"column":5}},"24":{"start":{"line":91,"column":8},"end":{"line":99,"column":10}},"25":{"start":{"line":98,"column":12},"end":{"line":98,"column":35}},"26":{"start":{"line":102,"column":8},"end":{"line":104,"column":63}},"27":{"start":{"line":105,"column":8},"end":{"line":105,"column":14}},"28":{"start":{"line":112,"column":8},"end":{"line":121,"column":10},"skip":true},"29":{"start":{"line":119,"column":12},"end":{"line":119,"column":55},"skip":true},"30":{"start":{"line":120,"column":12},"end":{"line":120,"column":48},"skip":true},"31":{"start":{"line":123,"column":8},"end":{"line":136,"column":10},"skip":true},"32":{"start":{"line":130,"column":12},"end":{"line":130,"column":76},"skip":true},"33":{"start":{"line":131,"column":12},"end":{"line":131,"column":73},"skip":true},"34":{"start":{"line":132,"column":12},"end":{"line":132,"column":74},"skip":true},"35":{"start":{"line":133,"column":12},"end":{"line":133,"column":79},"skip":true},"36":{"start":{"line":134,"column":12},"end":{"line":134,"column":25},"skip":true},"37":{"start":{"line":135,"column":12},"end":{"line":135,"column":45},"skip":true},"38":{"start":{"line":138,"column":8},"end":{"line":145,"column":14},"skip":true},"39":{"start":{"line":143,"column":16},"end":{"line":143,"column":29},"skip":true},"40":{"start":{"line":144,"column":16},"end":{"line":144,"column":55},"skip":true},"41":{"start":{"line":147,"column":8},"end":{"line":156,"column":10},"skip":true},"42":{"start":{"line":154,"column":12},"end":{"line":154,"column":25},"skip":true},"43":{"start":{"line":155,"column":12},"end":{"line":155,"column":45},"skip":true},"44":{"start":{"line":158,"column":8},"end":{"line":167,"column":10},"skip":true},"45":{"start":{"line":165,"column":12},"end":{"line":165,"column":25},"skip":true},"46":{"start":{"line":166,"column":12},"end":{"line":166,"column":48},"skip":true},"47":{"start":{"line":169,"column":8},"end":{"line":178,"column":10},"skip":true},"48":{"start":{"line":176,"column":12},"end":{"line":176,"column":25},"skip":true},"49":{"start":{"line":177,"column":12},"end":{"line":177,"column":46},"skip":true},"50":{"start":{"line":180,"column":8},"end":{"line":189,"column":10},"skip":true},"51":{"start":{"line":187,"column":12},"end":{"line":187,"column":94},"skip":true},"52":{"start":{"line":188,"column":12},"end":{"line":188,"column":48},"skip":true},"53":{"start":{"line":192,"column":8},"end":{"line":192,"column":35},"skip":true},"54":{"start":{"line":193,"column":8},"end":{"line":193,"column":14},"skip":true}},"branchMap":{"1":{"line":25,"type":"binary-expr","locations":[{"start":{"line":25,"column":23},"end":{"line":25,"column":62}},{"start":{"line":26,"column":20},"end":{"line":26,"column":70}},{"start":{"line":27,"column":20},"end":{"line":27,"column":71}},{"start":{"line":28,"column":20},"end":{"line":28,"column":29}}]},"2":{"line":30,"type":"binary-expr","locations":[{"start":{"line":30,"column":23},"end":{"line":30,"column":37}},{"start":{"line":31,"column":20},"end":{"line":31,"column":61}},{"start":{"line":32,"column":20},"end":{"line":32,"column":70}},{"start":{"line":33,"column":20},"end":{"line":33,"column":26}}]},"3":{"line":37,"type":"cond-expr","locations":[{"start":{"line":38,"column":14},"end":{"line":38,"column":20}},{"start":{"line":39,"column":14},"end":{"line":39,"column":20}}]},"4":{"line":40,"type":"switch","locations":[{"start":{"line":42,"column":8},"end":{"line":47,"column":18}},{"start":{"line":49,"column":8},"end":{"line":52,"column":18}}]},"5":{"line":44,"type":"binary-expr","locations":[{"start":{"line":44,"column":16},"end":{"line":44,"column":44}},{"start":{"line":44,"column":48},"end":{"line":44,"column":66}}]},"6":{"line":50,"type":"binary-expr","locations":[{"start":{"line":50,"column":21},"end":{"line":50,"column":49}},{"start":{"line":50,"column":53},"end":{"line":50,"column":72}}]},"7":{"line":64,"type":"switch","locations":[{"start":{"line":69,"column":4},"end":{"line":70,"column":14}},{"start":{"line":75,"column":4},"end":{"line":76,"column":14}}]},"8":{"line":85,"type":"switch","locations":[{"start":{"line":90,"column":4},"end":{"line":105,"column":14}},{"start":{"line":111,"column":4},"end":{"line":193,"column":14},"skip":true}]},"9":{"line":91,"type":"binary-expr","locations":[{"start":{"line":91,"column":42},"end":{"line":91,"column":73}},{"start":{"line":91,"column":77},"end":{"line":99,"column":9}}]},"10":{"line":102,"type":"binary-expr","locations":[{"start":{"line":102,"column":18},"end":{"line":102,"column":32}},{"start":{"line":103,"column":12},"end":{"line":103,"column":53}},{"start":{"line":104,"column":12},"end":{"line":104,"column":61}}]},"11":{"line":112,"type":"binary-expr","locations":[{"start":{"line":112,"column":45},"end":{"line":112,"column":79},"skip":true},{"start":{"line":112,"column":83},"end":{"line":121,"column":9},"skip":true}]},"12":{"line":123,"type":"binary-expr","locations":[{"start":{"line":123,"column":42},"end":{"line":123,"column":73},"skip":true},{"start":{"line":123,"column":77},"end":{"line":136,"column":9},"skip":true}]},"13":{"line":138,"type":"binary-expr","locations":[{"start":{"line":138,"column":48},"end":{"line":138,"column":85},"skip":true},{"start":{"line":139,"column":12},"end":{"line":145,"column":13},"skip":true}]},"14":{"line":147,"type":"binary-expr","locations":[{"start":{"line":147,"column":42},"end":{"line":147,"column":73},"skip":true},{"start":{"line":147,"column":77},"end":{"line":156,"column":9},"skip":true}]},"15":{"line":158,"type":"binary-expr","locations":[{"start":{"line":158,"column":45},"end":{"line":158,"column":79},"skip":true},{"start":{"line":158,"column":83},"end":{"line":167,"column":9},"skip":true}]},"16":{"line":169,"type":"binary-expr","locations":[{"start":{"line":169,"column":43},"end":{"line":169,"column":75},"skip":true},{"start":{"line":169,"column":79},"end":{"line":178,"column":9},"skip":true}]},"17":{"line":180,"type":"binary-expr","locations":[{"start":{"line":180,"column":41},"end":{"line":180,"column":71},"skip":true},{"start":{"line":180,"column":75},"end":{"line":189,"column":9},"skip":true}]}},"code":["/* istanbul instrument in package npmtest_later */","/*jslint","    bitwise: true,","    browser: true,","    maxerr: 8,","    maxlen: 96,","    node: true,","    nomen: true,","    regexp: true,","    stupid: true","*/","(function () {","    'use strict';","    var local;","","","","    // run shared js-env code - pre-init","    (function () {","        // init local","        local = {};","        // init modeJs","        local.modeJs = (function () {","            try {","                return typeof navigator.userAgent === 'string' &&","                    typeof document.querySelector('body') === 'object' &&","                    typeof XMLHttpRequest.prototype.open === 'function' &&","                    'browser';","            } catch (errorCaughtBrowser) {","                return module.exports &&","                    typeof process.versions.node === 'string' &&","                    typeof require('http').createServer === 'function' &&","                    'node';","            }","        }());","        // init global","        local.global = local.modeJs === 'browser'","            ? window","            : global;","        switch (local.modeJs) {","        // re-init local from window.local","        case 'browser':","            local = local.global.utility2.objectSetDefault(","                local.global.utility2_rollup || local.global.local,","                local.global.utility2","            );","            break;","        // re-init local from example.js","        case 'node':","            local = (local.global.utility2_rollup || require('utility2'))","                .requireExampleJsFromReadme();","            break;","        }","        // export local","        local.global.local = local;","    }());","","","","    // run shared js-env code - function","    (function () {","        return;","    }());","    switch (local.modeJs) {","","","","    // run browser js-env code - function","    case 'browser':","        break;","","","","    // run node js-env code - function","    case 'node':","        break;","    }","","","","    // run shared js-env code - post-init","    (function () {","        return;","    }());","    switch (local.modeJs) {","","","","    // run browser js-env code - post-init","    case 'browser':","        local.testCase_browser_nullCase = local.testCase_browser_nullCase || function (","            options,","            onError","        ) {","        /*","         * this function will test browsers's null-case handling-behavior-behavior","         */","            onError(null, options);","        };","","        // run tests","        local.nop(local.modeTest &&","            document.querySelector('#testRunButton1') &&","            document.querySelector('#testRunButton1').click());","        break;","","","","    // run node js-env code - post-init","    /* istanbul ignore next */","    case 'node':","        local.testCase_buildApidoc_default = local.testCase_buildApidoc_default || function (","            options,","            onError","        ) {","        /*","         * this function will test buildApidoc's default handling-behavior-behavior","         */","            options = { modulePathList: module.paths };","            local.buildApidoc(options, onError);","        };","","        local.testCase_buildApp_default = local.testCase_buildApp_default || function (","            options,","            onError","        ) {","        /*","         * this function will test buildApp's default handling-behavior-behavior","         */","            local.testCase_buildReadme_default(options, local.onErrorThrow);","            local.testCase_buildLib_default(options, local.onErrorThrow);","            local.testCase_buildTest_default(options, local.onErrorThrow);","            local.testCase_buildCustomOrg_default(options, local.onErrorThrow);","            options = [];","            local.buildApp(options, onError);","        };","","        local.testCase_buildCustomOrg_default = local.testCase_buildCustomOrg_default ||","            function (options, onError) {","            /*","             * this function will test buildCustomOrg's default handling-behavior","             */","                options = {};","                local.buildCustomOrg(options, onError);","            };","","        local.testCase_buildLib_default = local.testCase_buildLib_default || function (","            options,","            onError","        ) {","        /*","         * this function will test buildLib's default handling-behavior","         */","            options = {};","            local.buildLib(options, onError);","        };","","        local.testCase_buildReadme_default = local.testCase_buildReadme_default || function (","            options,","            onError","        ) {","        /*","         * this function will test buildReadme's default handling-behavior-behavior","         */","            options = {};","            local.buildReadme(options, onError);","        };","","        local.testCase_buildTest_default = local.testCase_buildTest_default || function (","            options,","            onError","        ) {","        /*","         * this function will test buildTest's default handling-behavior","         */","            options = {};","            local.buildTest(options, onError);","        };","","        local.testCase_webpage_default = local.testCase_webpage_default || function (","            options,","            onError","        ) {","        /*","         * this function will test webpage's default handling-behavior","         */","            options = { modeCoverageMerge: true, url: local.serverLocalHost + '?modeTest=1' };","            local.browserTest(options, onError);","        };","","        // run test-server","        local.testRunServer(local);","        break;","    }","}());",""],"l":{"12":2,"14":2,"19":2,"21":2,"23":2,"24":2,"25":2,"30":1,"37":2,"40":2,"43":1,"47":1,"50":1,"52":1,"55":2,"61":2,"62":2,"64":2,"70":1,"76":1,"82":2,"83":2,"85":2,"91":1,"98":1,"102":1,"105":1,"112":1,"119":1,"120":1,"123":1,"130":1,"131":1,"132":1,"133":1,"134":1,"135":1,"138":1,"143":2,"144":2,"147":1,"154":2,"155":2,"158":1,"165":2,"166":2,"169":1,"176":2,"177":2,"180":1,"187":1,"188":1,"192":1,"193":1}},"/home/travis/build/npmtest/node-npmtest-later/lib.npmtest_later.js":{"path":"/home/travis/build/npmtest/node-npmtest-later/lib.npmtest_later.js","s":{"1":2,"2":2,"3":2,"4":2,"5":2,"6":2,"7":2,"8":1,"9":2,"10":2,"11":2,"12":2,"13":1,"14":1,"15":1,"16":1},"b":{"1":[2,1,1,1],"2":[1,1,1,1],"3":[1,1],"4":[2,2],"5":[1,1]},"f":{"1":2,"2":2,"3":2},"fnMap":{"1":{"name":"(anonymous_1)","line":12,"loc":{"start":{"line":12,"column":1},"end":{"line":12,"column":13}}},"2":{"name":"(anonymous_2)","line":19,"loc":{"start":{"line":19,"column":5},"end":{"line":19,"column":17}}},"3":{"name":"(anonymous_3)","line":23,"loc":{"start":{"line":23,"column":24},"end":{"line":23,"column":36}}}},"statementMap":{"1":{"start":{"line":12,"column":0},"end":{"line":53,"column":5}},"2":{"start":{"line":14,"column":4},"end":{"line":14,"column":14}},"3":{"start":{"line":19,"column":4},"end":{"line":52,"column":9}},"4":{"start":{"line":21,"column":8},"end":{"line":21,"column":19}},"5":{"start":{"line":23,"column":8},"end":{"line":35,"column":13}},"6":{"start":{"line":24,"column":12},"end":{"line":34,"column":13}},"7":{"start":{"line":25,"column":16},"end":{"line":28,"column":30}},"8":{"start":{"line":30,"column":16},"end":{"line":33,"column":27}},"9":{"start":{"line":37,"column":8},"end":{"line":39,"column":21}},"10":{"start":{"line":41,"column":8},"end":{"line":41,"column":54}},"11":{"start":{"line":43,"column":8},"end":{"line":43,"column":50}},"12":{"start":{"line":45,"column":8},"end":{"line":51,"column":9}},"13":{"start":{"line":46,"column":12},"end":{"line":46,"column":56}},"14":{"start":{"line":48,"column":12},"end":{"line":48,"column":35}},"15":{"start":{"line":49,"column":12},"end":{"line":49,"column":49}},"16":{"start":{"line":50,"column":12},"end":{"line":50,"column":43}}},"branchMap":{"1":{"line":25,"type":"binary-expr","locations":[{"start":{"line":25,"column":23},"end":{"line":25,"column":62}},{"start":{"line":26,"column":20},"end":{"line":26,"column":70}},{"start":{"line":27,"column":20},"end":{"line":27,"column":71}},{"start":{"line":28,"column":20},"end":{"line":28,"column":29}}]},"2":{"line":30,"type":"binary-expr","locations":[{"start":{"line":30,"column":23},"end":{"line":30,"column":37}},{"start":{"line":31,"column":20},"end":{"line":31,"column":61}},{"start":{"line":32,"column":20},"end":{"line":32,"column":70}},{"start":{"line":33,"column":20},"end":{"line":33,"column":26}}]},"3":{"line":37,"type":"cond-expr","locations":[{"start":{"line":38,"column":14},"end":{"line":38,"column":20}},{"start":{"line":39,"column":14},"end":{"line":39,"column":20}}]},"4":{"line":41,"type":"binary-expr","locations":[{"start":{"line":41,"column":16},"end":{"line":41,"column":44}},{"start":{"line":41,"column":48},"end":{"line":41,"column":53}}]},"5":{"line":45,"type":"if","locations":[{"start":{"line":45,"column":8},"end":{"line":45,"column":8}},{"start":{"line":45,"column":8},"end":{"line":45,"column":8}}]}},"code":["/* istanbul instrument in package npmtest_later */","/*jslint","    bitwise: true,","    browser: true,","    maxerr: 8,","    maxlen: 96,","    node: true,","    nomen: true,","    regexp: true,","    stupid: true","*/","(function () {","    'use strict';","    var local;","","","","    // run shared js-env code - pre-init","    (function () {","        // init local","        local = {};","        // init modeJs","        local.modeJs = (function () {","            try {","                return typeof navigator.userAgent === 'string' &&","                    typeof document.querySelector('body') === 'object' &&","                    typeof XMLHttpRequest.prototype.open === 'function' &&","                    'browser';","            } catch (errorCaughtBrowser) {","                return module.exports &&","                    typeof process.versions.node === 'string' &&","                    typeof require('http').createServer === 'function' &&","                    'node';","            }","        }());","        // init global","        local.global = local.modeJs === 'browser'","            ? window","            : global;","        // init utility2_rollup","        local = local.global.utility2_rollup || local;","        // init lib","        local.local = local.npmtest_later = local;","        // init exports","        if (local.modeJs === 'browser') {","            local.global.utility2_npmtest_later = local;","        } else {","            module.exports = local;","            module.exports.__dirname = __dirname;","            module.exports.module = module;","        }","    }());","}());",""],"l":{"12":2,"14":2,"19":2,"21":2,"23":2,"24":2,"25":2,"30":1,"37":2,"41":2,"43":2,"45":2,"46":1,"48":1,"49":1,"50":1}},"/home/travis/build/npmtest/node-npmtest-later/example.js":{"path":"/home/travis/build/npmtest/node-npmtest-later/example.js","s":{"1":2,"2":2,"3":2,"4":2,"5":2,"6":2,"7":2,"8":1,"9":2,"10":2,"11":2,"12":2,"13":1,"14":2,"15":2,"16":2,"17":2,"18":2,"19":0,"20":2,"21":1,"22":1,"23":1,"24":1,"25":1,"26":0,"27":0,"28":1,"29":1,"30":2,"31":0,"32":0,"33":0,"34":1,"35":2,"36":2,"37":3,"38":3,"39":3,"40":3,"41":0,"42":3,"43":3,"44":3,"45":1,"46":3,"47":1,"48":1,"49":1,"50":1,"51":1,"52":1,"53":1,"54":1,"55":1,"56":1,"57":0,"58":1,"59":6,"60":6,"61":1,"62":2,"63":0,"64":2,"65":1,"66":1,"67":0,"68":0,"69":0,"70":0,"71":0,"72":0,"73":0,"74":0,"75":0,"76":0,"77":0,"78":0,"79":0,"80":0,"81":0,"82":0,"83":0},"b":{"1":[2,1,1,1],"2":[1,1,1,1],"3":[1,1],"4":[2,2],"5":[1,1],"6":[1,1],"7":[2,0],"8":[2,1,1,1,1,1],"9":[0,2,0],"10":[1,1],"11":[2,1,1],"12":[1,0],"13":[0,2],"14":[2,0,0,0,0,0,0],"15":[0,3],"16":[3,0],"17":[1,1],"18":[0,1],"19":[1,2,0,2],"20":[1,0],"21":[1,1],"22":[0,0],"23":[0,0],"24":[0,0],"25":[0,0],"26":[0,0],"27":[0,0],"28":[0,0]},"f":{"1":2,"2":2,"3":2,"4":2,"5":2,"6":2,"7":3,"8":3,"9":3,"10":1,"11":6,"12":0},"fnMap":{"1":{"name":"(anonymous_1)","line":26,"loc":{"start":{"line":26,"column":1},"end":{"line":26,"column":13}}},"2":{"name":"(anonymous_2)","line":33,"loc":{"start":{"line":33,"column":5},"end":{"line":33,"column":17}}},"3":{"name":"(anonymous_3)","line":37,"loc":{"start":{"line":37,"column":24},"end":{"line":37,"column":36}}},"4":{"name":"(anonymous_4)","line":69,"loc":{"start":{"line":69,"column":31},"end":{"line":69,"column":48}},"skip":true},"5":{"name":"(anonymous_5)","line":78,"loc":{"start":{"line":78,"column":26},"end":{"line":78,"column":45}},"skip":true},"6":{"name":"(anonymous_6)","line":123,"loc":{"start":{"line":123,"column":33},"end":{"line":123,"column":48}},"skip":true},"7":{"name":"(anonymous_7)","line":125,"loc":{"start":{"line":125,"column":27},"end":{"line":125,"column":39}},"skip":true},"8":{"name":"(anonymous_8)","line":133,"loc":{"start":{"line":133,"column":59},"end":{"line":133,"column":74}},"skip":true},"9":{"name":"(anonymous_9)","line":143,"loc":{"start":{"line":143,"column":45},"end":{"line":143,"column":62}},"skip":true},"10":{"name":"(anonymous_10)","line":144,"loc":{"start":{"line":144,"column":73},"end":{"line":144,"column":92}},"skip":true},"11":{"name":"(anonymous_11)","line":272,"loc":{"start":{"line":272,"column":51},"end":{"line":272,"column":77}},"skip":true},"12":{"name":"(anonymous_12)","line":315,"loc":{"start":{"line":315,"column":32},"end":{"line":315,"column":61}},"skip":true}},"statementMap":{"1":{"start":{"line":26,"column":0},"end":{"line":326,"column":5}},"2":{"start":{"line":28,"column":4},"end":{"line":28,"column":14}},"3":{"start":{"line":33,"column":4},"end":{"line":60,"column":9}},"4":{"start":{"line":35,"column":8},"end":{"line":35,"column":19}},"5":{"start":{"line":37,"column":8},"end":{"line":49,"column":13}},"6":{"start":{"line":38,"column":12},"end":{"line":48,"column":13}},"7":{"start":{"line":39,"column":16},"end":{"line":42,"column":30}},"8":{"start":{"line":44,"column":16},"end":{"line":47,"column":27}},"9":{"start":{"line":51,"column":8},"end":{"line":53,"column":21}},"10":{"start":{"line":55,"column":8},"end":{"line":57,"column":45}},"11":{"start":{"line":59,"column":8},"end":{"line":59,"column":35}},"12":{"start":{"line":61,"column":4},"end":{"line":325,"column":5}},"13":{"start":{"line":69,"column":8},"end":{"line":121,"column":10},"skip":true},"14":{"start":{"line":70,"column":12},"end":{"line":88,"column":13},"skip":true},"15":{"start":{"line":76,"column":16},"end":{"line":87,"column":19},"skip":true},"16":{"start":{"line":79,"column":20},"end":{"line":86,"column":21},"skip":true},"17":{"start":{"line":82,"column":24},"end":{"line":82,"column":43},"skip":true},"18":{"start":{"line":83,"column":24},"end":{"line":83,"column":30},"skip":true},"19":{"start":{"line":85,"column":24},"end":{"line":85,"column":49},"skip":true},"20":{"start":{"line":89,"column":12},"end":{"line":107,"column":13},"skip":true},"21":{"start":{"line":92,"column":16},"end":{"line":102,"column":17},"skip":true},"22":{"start":{"line":93,"column":20},"end":{"line":93,"column":86},"skip":true},"23":{"start":{"line":94,"column":20},"end":{"line":95,"column":45},"skip":true},"24":{"start":{"line":96,"column":20},"end":{"line":96,"column":42},"skip":true},"25":{"start":{"line":97,"column":20},"end":{"line":97,"column":48},"skip":true},"26":{"start":{"line":100,"column":20},"end":{"line":100,"column":85},"skip":true},"27":{"start":{"line":101,"column":20},"end":{"line":101,"column":96},"skip":true},"28":{"start":{"line":103,"column":16},"end":{"line":103,"column":22},"skip":true},"29":{"start":{"line":106,"column":16},"end":{"line":106,"column":22},"skip":true},"30":{"start":{"line":108,"column":12},"end":{"line":120,"column":13},"skip":true},"31":{"start":{"line":114,"column":16},"end":{"line":119,"column":17},"skip":true},"32":{"start":{"line":116,"column":20},"end":{"line":116,"column":78},"skip":true},"33":{"start":{"line":118,"column":20},"end":{"line":118,"column":47},"skip":true},"34":{"start":{"line":123,"column":8},"end":{"line":141,"column":11},"skip":true},"35":{"start":{"line":124,"column":12},"end":{"line":124,"column":54},"skip":true},"36":{"start":{"line":125,"column":12},"end":{"line":140,"column":14},"skip":true},"37":{"start":{"line":126,"column":16},"end":{"line":126,"column":28},"skip":true},"38":{"start":{"line":127,"column":16},"end":{"line":127,"column":69},"skip":true},"39":{"start":{"line":128,"column":16},"end":{"line":128,"column":75},"skip":true},"40":{"start":{"line":129,"column":16},"end":{"line":131,"column":17},"skip":true},"41":{"start":{"line":130,"column":20},"end":{"line":130,"column":27},"skip":true},"42":{"start":{"line":133,"column":16},"end":{"line":137,"column":36},"skip":true},"43":{"start":{"line":134,"column":20},"end":{"line":136,"column":55},"skip":true},"44":{"start":{"line":139,"column":16},"end":{"line":139,"column":57},"skip":true},"45":{"start":{"line":143,"column":8},"end":{"line":147,"column":11},"skip":true},"46":{"start":{"line":144,"column":12},"end":{"line":146,"column":15},"skip":true},"47":{"start":{"line":145,"column":16},"end":{"line":145,"column":70},"skip":true},"48":{"start":{"line":149,"column":8},"end":{"line":149,"column":31},"skip":true},"49":{"start":{"line":150,"column":8},"end":{"line":150,"column":14},"skip":true},"50":{"start":{"line":158,"column":8},"end":{"line":158,"column":31},"skip":true},"51":{"start":{"line":160,"column":8},"end":{"line":160,"column":33},"skip":true},"52":{"start":{"line":161,"column":8},"end":{"line":161,"column":37},"skip":true},"53":{"start":{"line":162,"column":8},"end":{"line":162,"column":35},"skip":true},"54":{"start":{"line":164,"column":8},"end":{"line":164,"column":50},"skip":true},"55":{"start":{"line":166,"column":8},"end":{"line":256,"column":2},"skip":true},"56":{"start":{"line":258,"column":8},"end":{"line":286,"column":9},"skip":true},"57":{"start":{"line":259,"column":12},"end":{"line":269,"column":14},"skip":true},"58":{"start":{"line":271,"column":12},"end":{"line":285,"column":19},"skip":true},"59":{"start":{"line":274,"column":20},"end":{"line":274,"column":35},"skip":true},"60":{"start":{"line":275,"column":20},"end":{"line":284,"column":21},"skip":true},"61":{"start":{"line":277,"column":24},"end":{"line":277,"column":64},"skip":true},"62":{"start":{"line":279,"column":24},"end":{"line":279,"column":40},"skip":true},"63":{"start":{"line":281,"column":24},"end":{"line":281,"column":40},"skip":true},"64":{"start":{"line":283,"column":24},"end":{"line":283,"column":39},"skip":true},"65":{"start":{"line":288,"column":8},"end":{"line":290,"column":9},"skip":true},"66":{"start":{"line":289,"column":12},"end":{"line":289,"column":18},"skip":true},"67":{"start":{"line":291,"column":8},"end":{"line":293,"column":54},"skip":true},"68":{"start":{"line":296,"column":8},"end":{"line":301,"column":37},"skip":true},"69":{"start":{"line":303,"column":8},"end":{"line":303,"column":82},"skip":true},"70":{"start":{"line":306,"column":8},"end":{"line":308,"column":9},"skip":true},"71":{"start":{"line":307,"column":12},"end":{"line":307,"column":82},"skip":true},"72":{"start":{"line":310,"column":8},"end":{"line":312,"column":9},"skip":true},"73":{"start":{"line":311,"column":12},"end":{"line":311,"column":18},"skip":true},"74":{"start":{"line":313,"column":8},"end":{"line":313,"column":54},"skip":true},"75":{"start":{"line":314,"column":8},"end":{"line":314,"column":69},"skip":true},"76":{"start":{"line":315,"column":8},"end":{"line":323,"column":36},"skip":true},"77":{"start":{"line":316,"column":12},"end":{"line":316,"column":61},"skip":true},"78":{"start":{"line":317,"column":12},"end":{"line":320,"column":13},"skip":true},"79":{"start":{"line":318,"column":16},"end":{"line":318,"column":75},"skip":true},"80":{"start":{"line":319,"column":16},"end":{"line":319,"column":23},"skip":true},"81":{"start":{"line":321,"column":12},"end":{"line":321,"column":38},"skip":true},"82":{"start":{"line":322,"column":12},"end":{"line":322,"column":27},"skip":true},"83":{"start":{"line":324,"column":8},"end":{"line":324,"column":14},"skip":true}},"branchMap":{"1":{"line":39,"type":"binary-expr","locations":[{"start":{"line":39,"column":23},"end":{"line":39,"column":62}},{"start":{"line":40,"column":20},"end":{"line":40,"column":70}},{"start":{"line":41,"column":20},"end":{"line":41,"column":71}},{"start":{"line":42,"column":20},"end":{"line":42,"column":29}}]},"2":{"line":44,"type":"binary-expr","locations":[{"start":{"line":44,"column":23},"end":{"line":44,"column":37}},{"start":{"line":45,"column":20},"end":{"line":45,"column":61}},{"start":{"line":46,"column":20},"end":{"line":46,"column":70}},{"start":{"line":47,"column":20},"end":{"line":47,"column":26}}]},"3":{"line":51,"type":"cond-expr","locations":[{"start":{"line":52,"column":14},"end":{"line":52,"column":20}},{"start":{"line":53,"column":14},"end":{"line":53,"column":20}}]},"4":{"line":55,"type":"binary-expr","locations":[{"start":{"line":55,"column":16},"end":{"line":55,"column":44}},{"start":{"line":55,"column":49},"end":{"line":57,"column":43}}]},"5":{"line":55,"type":"cond-expr","locations":[{"start":{"line":56,"column":14},"end":{"line":56,"column":49}},{"start":{"line":57,"column":14},"end":{"line":57,"column":43}}]},"6":{"line":61,"type":"switch","locations":[{"start":{"line":68,"column":4},"end":{"line":150,"column":14},"skip":true},{"start":{"line":156,"column":4},"end":{"line":324,"column":14},"skip":true}]},"7":{"line":70,"type":"if","locations":[{"start":{"line":70,"column":12},"end":{"line":70,"column":12},"skip":true},{"start":{"line":70,"column":12},"end":{"line":70,"column":12},"skip":true}]},"8":{"line":70,"type":"binary-expr","locations":[{"start":{"line":70,"column":16},"end":{"line":70,"column":22},"skip":true},{"start":{"line":70,"column":27},"end":{"line":70,"column":32},"skip":true},{"start":{"line":71,"column":20},"end":{"line":71,"column":39},"skip":true},{"start":{"line":72,"column":20},"end":{"line":72,"column":49},"skip":true},{"start":{"line":73,"column":20},"end":{"line":73,"column":58},"skip":true},{"start":{"line":74,"column":20},"end":{"line":74,"column":69},"skip":true}]},"9":{"line":79,"type":"switch","locations":[{"start":{"line":80,"column":20},"end":{"line":80,"column":33},"skip":true},{"start":{"line":81,"column":20},"end":{"line":83,"column":30},"skip":true},{"start":{"line":84,"column":20},"end":{"line":85,"column":49},"skip":true}]},"10":{"line":89,"type":"switch","locations":[{"start":{"line":90,"column":12},"end":{"line":103,"column":22},"skip":true},{"start":{"line":105,"column":12},"end":{"line":106,"column":22},"skip":true}]},"11":{"line":89,"type":"binary-expr","locations":[{"start":{"line":89,"column":20},"end":{"line":89,"column":25},"skip":true},{"start":{"line":89,"column":29},"end":{"line":89,"column":48},"skip":true},{"start":{"line":89,"column":52},"end":{"line":89,"column":74},"skip":true}]},"12":{"line":92,"type":"if","locations":[{"start":{"line":92,"column":16},"end":{"line":92,"column":16},"skip":true},{"start":{"line":92,"column":16},"end":{"line":92,"column":16},"skip":true}]},"13":{"line":108,"type":"if","locations":[{"start":{"line":108,"column":12},"end":{"line":108,"column":12},"skip":true},{"start":{"line":108,"column":12},"end":{"line":108,"column":12},"skip":true}]},"14":{"line":108,"type":"binary-expr","locations":[{"start":{"line":108,"column":16},"end":{"line":108,"column":61},"skip":true},{"start":{"line":108,"column":66},"end":{"line":108,"column":72},"skip":true},{"start":{"line":108,"column":77},"end":{"line":108,"column":82},"skip":true},{"start":{"line":109,"column":20},"end":{"line":109,"column":39},"skip":true},{"start":{"line":110,"column":20},"end":{"line":110,"column":49},"skip":true},{"start":{"line":111,"column":20},"end":{"line":111,"column":58},"skip":true},{"start":{"line":112,"column":20},"end":{"line":112,"column":68},"skip":true}]},"15":{"line":129,"type":"if","locations":[{"start":{"line":129,"column":16},"end":{"line":129,"column":16},"skip":true},{"start":{"line":129,"column":16},"end":{"line":129,"column":16},"skip":true}]},"16":{"line":134,"type":"cond-expr","locations":[{"start":{"line":135,"column":26},"end":{"line":135,"column":29},"skip":true},{"start":{"line":136,"column":26},"end":{"line":136,"column":54},"skip":true}]},"17":{"line":164,"type":"binary-expr","locations":[{"start":{"line":164,"column":27},"end":{"line":164,"column":43},"skip":true},{"start":{"line":164,"column":47},"end":{"line":164,"column":49},"skip":true}]},"18":{"line":258,"type":"if","locations":[{"start":{"line":258,"column":8},"end":{"line":258,"column":8},"skip":true},{"start":{"line":258,"column":8},"end":{"line":258,"column":8},"skip":true}]},"19":{"line":275,"type":"switch","locations":[{"start":{"line":276,"column":20},"end":{"line":277,"column":64},"skip":true},{"start":{"line":278,"column":20},"end":{"line":279,"column":40},"skip":true},{"start":{"line":280,"column":20},"end":{"line":281,"column":40},"skip":true},{"start":{"line":282,"column":20},"end":{"line":283,"column":39},"skip":true}]},"20":{"line":288,"type":"if","locations":[{"start":{"line":288,"column":8},"end":{"line":288,"column":8},"skip":true},{"start":{"line":288,"column":8},"end":{"line":288,"column":8},"skip":true}]},"21":{"line":288,"type":"binary-expr","locations":[{"start":{"line":288,"column":12},"end":{"line":288,"column":40},"skip":true},{"start":{"line":288,"column":44},"end":{"line":288,"column":67},"skip":true}]},"22":{"line":292,"type":"binary-expr","locations":[{"start":{"line":292,"column":12},"end":{"line":292,"column":50},"skip":true},{"start":{"line":293,"column":12},"end":{"line":293,"column":53},"skip":true}]},"23":{"line":297,"type":"binary-expr","locations":[{"start":{"line":297,"column":12},"end":{"line":297,"column":63},"skip":true},{"start":{"line":298,"column":12},"end":{"line":301,"column":36},"skip":true}]},"24":{"line":303,"type":"binary-expr","locations":[{"start":{"line":303,"column":43},"end":{"line":303,"column":75},"skip":true},{"start":{"line":303,"column":79},"end":{"line":303,"column":81},"skip":true}]},"25":{"line":306,"type":"if","locations":[{"start":{"line":306,"column":8},"end":{"line":306,"column":8},"skip":true},{"start":{"line":306,"column":8},"end":{"line":306,"column":8},"skip":true}]},"26":{"line":310,"type":"if","locations":[{"start":{"line":310,"column":8},"end":{"line":310,"column":8},"skip":true},{"start":{"line":310,"column":8},"end":{"line":310,"column":8},"skip":true}]},"27":{"line":313,"type":"binary-expr","locations":[{"start":{"line":313,"column":27},"end":{"line":313,"column":43},"skip":true},{"start":{"line":313,"column":47},"end":{"line":313,"column":53},"skip":true}]},"28":{"line":317,"type":"if","locations":[{"start":{"line":317,"column":12},"end":{"line":317,"column":12},"skip":true},{"start":{"line":317,"column":12},"end":{"line":317,"column":12},"skip":true}]}},"code":["/*","example.js","","quickstart example","","instruction","    1. save this script as example.js","    2. run the shell command:","        $ npm install npmtest-later && PORT=8081 node example.js","    3. play with the browser-demo on http://127.0.0.1:8081","*/","","","","/* istanbul instrument in package npmtest_later */","/*jslint","    bitwise: true,","    browser: true,","    maxerr: 8,","    maxlen: 96,","    node: true,","    nomen: true,","    regexp: true,","    stupid: true","*/","(function () {","    'use strict';","    var local;","","","","    // run shared js-env code - pre-init","    (function () {","        // init local","        local = {};","        // init modeJs","        local.modeJs = (function () {","            try {","                return typeof navigator.userAgent === 'string' &&","                    typeof document.querySelector('body') === 'object' &&","                    typeof XMLHttpRequest.prototype.open === 'function' &&","                    'browser';","            } catch (errorCaughtBrowser) {","                return module.exports &&","                    typeof process.versions.node === 'string' &&","                    typeof require('http').createServer === 'function' &&","                    'node';","            }","        }());","        // init global","        local.global = local.modeJs === 'browser'","            ? window","            : global;","        // init utility2_rollup","        local = local.global.utility2_rollup || (local.modeJs === 'browser'","            ? local.global.utility2_npmtest_later","            : global.utility2_moduleExports);","        // export local","        local.global.local = local;","    }());","    switch (local.modeJs) {","","","","    // post-init","    // run browser js-env code - post-init","    /* istanbul ignore next */","    case 'browser':","        local.testRunBrowser = function (event) {","            if (!event || (event &&","                    event.currentTarget &&","                    event.currentTarget.className &&","                    event.currentTarget.className.includes &&","                    event.currentTarget.className.includes('onreset'))) {","                // reset output","                Array.from(","                    document.querySelectorAll('body > .resettable')","                ).forEach(function (element) {","                    switch (element.tagName) {","                    case 'INPUT':","                    case 'TEXTAREA':","                        element.value = '';","                        break;","                    default:","                        element.textContent = '';","                    }","                });","            }","            switch (event && event.currentTarget && event.currentTarget.id) {","            case 'testRunButton1':","                // show tests","                if (document.querySelector('#testReportDiv1').style.display === 'none') {","                    document.querySelector('#testReportDiv1').style.display = 'block';","                    document.querySelector('#testRunButton1').textContent =","                        'hide internal test';","                    local.modeTest = true;","                    local.testRunDefault(local);","                // hide tests","                } else {","                    document.querySelector('#testReportDiv1').style.display = 'none';","                    document.querySelector('#testRunButton1').textContent = 'run internal test';","                }","                break;","            // custom-case","            default:","                break;","            }","            if (document.querySelector('#inputTextareaEval1') && (!event || (event &&","                    event.currentTarget &&","                    event.currentTarget.className &&","                    event.currentTarget.className.includes &&","                    event.currentTarget.className.includes('oneval')))) {","                // try to eval input-code","                try {","                    /*jslint evil: true*/","                    eval(document.querySelector('#inputTextareaEval1').value);","                } catch (errorCaught) {","                    console.error(errorCaught);","                }","            }","        };","        // log stderr and stdout to #outputTextareaStdout1","        ['error', 'log'].forEach(function (key) {","            console[key + '_original'] = console[key];","            console[key] = function () {","                var element;","                console[key + '_original'].apply(console, arguments);","                element = document.querySelector('#outputTextareaStdout1');","                if (!element) {","                    return;","                }","                // append text to #outputTextareaStdout1","                element.value += Array.from(arguments).map(function (arg) {","                    return typeof arg === 'string'","                        ? arg","                        : JSON.stringify(arg, null, 4);","                }).join(' ') + '\\n';","                // scroll textarea to bottom","                element.scrollTop = element.scrollHeight;","            };","        });","        // init event-handling","        ['change', 'click', 'keyup'].forEach(function (event) {","            Array.from(document.querySelectorAll('.on' + event)).forEach(function (element) {","                element.addEventListener(event, local.testRunBrowser);","            });","        });","        // run tests","        local.testRunBrowser();","        break;","","","","    // run node js-env code - post-init","    /* istanbul ignore next */","    case 'node':","        // export local","        module.exports = local;","        // require modules","        local.fs = require('fs');","        local.http = require('http');","        local.url = require('url');","        // init assets","        local.assetsDict = local.assetsDict || {};","        /* jslint-ignore-begin */","        local.assetsDict['/assets.index.template.html'] = '\\","<!doctype html>\\n\\","<html lang=\"en\">\\n\\","<head>\\n\\","<meta charset=\"UTF-8\">\\n\\","<meta name=\"viewport\" content=\"width=device-width, initial-scale=1\">\\n\\","<title>{{env.npm_package_name}} (v{{env.npm_package_version}})</title>\\n\\","<style>\\n\\","/*csslint\\n\\","    box-sizing: false,\\n\\","    universal-selector: false\\n\\","*/\\n\\","* {\\n\\","    box-sizing: border-box;\\n\\","}\\n\\","body {\\n\\","    background: #dde;\\n\\","    font-family: Arial, Helvetica, sans-serif;\\n\\","    margin: 2rem;\\n\\","}\\n\\","body > * {\\n\\","    margin-bottom: 1rem;\\n\\","}\\n\\",".utility2FooterDiv {\\n\\","    margin-top: 20px;\\n\\","    text-align: center;\\n\\","}\\n\\","</style>\\n\\","<style>\\n\\","/*csslint\\n\\","*/\\n\\","textarea {\\n\\","    font-family: monospace;\\n\\","    height: 10rem;\\n\\","    width: 100%;\\n\\","}\\n\\","textarea[readonly] {\\n\\","    background: #ddd;\\n\\","}\\n\\","</style>\\n\\","</head>\\n\\","<body>\\n\\","<!-- utility2-comment\\n\\","<div id=\"ajaxProgressDiv1\" style=\"background: #d00; height: 2px; left: 0; margin: 0; padding: 0; position: fixed; top: 0; transition: background 0.5s, width 1.5s; width: 25%;\"></div>\\n\\","utility2-comment -->\\n\\","<h1>\\n\\","<!-- utility2-comment\\n\\","    <a\\n\\","        {{#if env.npm_package_homepage}}\\n\\","        href=\"{{env.npm_package_homepage}}\"\\n\\","        {{/if env.npm_package_homepage}}\\n\\","        target=\"_blank\"\\n\\","    >\\n\\","utility2-comment -->\\n\\","        {{env.npm_package_name}} (v{{env.npm_package_version}})\\n\\","<!-- utility2-comment\\n\\","    </a>\\n\\","utility2-comment -->\\n\\","</h1>\\n\\","<h3>{{env.npm_package_description}}</h3>\\n\\","<!-- utility2-comment\\n\\","<h4><a download href=\"assets.app.js\">download standalone app</a></h4>\\n\\","<button class=\"onclick onreset\" id=\"testRunButton1\">run internal test</button><br>\\n\\","<div id=\"testReportDiv1\" style=\"display: none;\"></div>\\n\\","utility2-comment -->\\n\\","\\n\\","\\n\\","\\n\\","<label>stderr and stdout</label>\\n\\","<textarea class=\"resettable\" id=\"outputTextareaStdout1\" readonly></textarea>\\n\\","<!-- utility2-comment\\n\\","{{#if isRollup}}\\n\\","<script src=\"assets.app.js\"></script>\\n\\","{{#unless isRollup}}\\n\\","utility2-comment -->\\n\\","<script src=\"assets.utility2.rollup.js\"></script>\\n\\","<script src=\"jsonp.utility2._stateInit?callback=window.utility2._stateInit\"></script>\\n\\","<script src=\"assets.npmtest_later.rollup.js\"></script>\\n\\","<script src=\"assets.example.js\"></script>\\n\\","<script src=\"assets.test.js\"></script>\\n\\","<!-- utility2-comment\\n\\","{{/if isRollup}}\\n\\","utility2-comment -->\\n\\","<div class=\"utility2FooterDiv\">\\n\\","    [ this app was created with\\n\\","    <a href=\"https://github.com/kaizhu256/node-utility2\" target=\"_blank\">utility2</a>\\n\\","    ]\\n\\","</div>\\n\\","</body>\\n\\","</html>\\n\\","';","        /* jslint-ignore-end */","        if (local.templateRender) {","            local.assetsDict['/'] = local.templateRender(","                local.assetsDict['/assets.index.template.html'],","                {","                    env: local.objectSetDefault(local.env, {","                        npm_package_description: 'the greatest app in the world!',","                        npm_package_name: 'my-app',","                        npm_package_nameAlias: 'my_app',","                        npm_package_version: '0.0.1'","                    })","                }","            );","        } else {","            local.assetsDict['/'] = local.assetsDict['/assets.index.template.html']","                .replace((/\\{\\{env\\.(\\w+?)\\}\\}/g), function (match0, match1) {","                    // jslint-hack","                    String(match0);","                    switch (match1) {","                    case 'npm_package_description':","                        return 'the greatest app in the world!';","                    case 'npm_package_name':","                        return 'my-app';","                    case 'npm_package_nameAlias':","                        return 'my_app';","                    case 'npm_package_version':","                        return '0.0.1';","                    }","                });","        }","        // run the cli","        if (local.global.utility2_rollup || module !== require.main) {","            break;","        }","        local.assetsDict['/assets.example.js'] =","            local.assetsDict['/assets.example.js'] ||","            local.fs.readFileSync(__filename, 'utf8');","        // bug-workaround - long $npm_package_buildCustomOrg","        /* jslint-ignore-begin */","        local.assetsDict['/assets.npmtest_later.rollup.js'] =","            local.assetsDict['/assets.npmtest_later.rollup.js'] ||","            local.fs.readFileSync(","                local.npmtest_later.__dirname + '/lib.npmtest_later.js',","                'utf8'","            ).replace((/^#!/), '//');","        /* jslint-ignore-end */","        local.assetsDict['/favicon.ico'] = local.assetsDict['/favicon.ico'] || '';","        // if $npm_config_timeout_exit exists,","        // then exit this process after $npm_config_timeout_exit ms","        if (Number(process.env.npm_config_timeout_exit)) {","            setTimeout(process.exit, Number(process.env.npm_config_timeout_exit));","        }","        // start server","        if (local.global.utility2_serverHttp1) {","            break;","        }","        process.env.PORT = process.env.PORT || '8081';","        console.error('server starting on port ' + process.env.PORT);","        local.http.createServer(function (request, response) {","            request.urlParsed = local.url.parse(request.url);","            if (local.assetsDict[request.urlParsed.pathname] !== undefined) {","                response.end(local.assetsDict[request.urlParsed.pathname]);","                return;","            }","            response.statusCode = 404;","            response.end();","        }).listen(process.env.PORT);","        break;","    }","}());",""],"l":{"26":2,"28":2,"33":2,"35":2,"37":2,"38":2,"39":2,"44":1,"51":2,"55":2,"59":2,"61":2,"69":1,"70":2,"76":2,"79":2,"82":2,"83":2,"85":1,"89":2,"92":1,"93":1,"94":1,"96":1,"97":1,"100":1,"101":1,"103":1,"106":1,"108":2,"114":1,"116":1,"118":1,"123":1,"124":2,"125":2,"126":3,"127":3,"128":3,"129":3,"130":1,"133":3,"134":3,"139":3,"143":1,"144":3,"145":1,"149":1,"150":1,"158":1,"160":1,"161":1,"162":1,"164":1,"166":1,"258":1,"259":1,"271":1,"274":6,"275":6,"277":1,"279":2,"281":1,"283":2,"288":1,"289":1,"291":1,"296":1,"303":1,"306":1,"307":1,"310":1,"311":1,"313":1,"314":1,"315":1,"316":1,"317":1,"318":1,"319":1,"321":1,"322":1,"324":1}},"/home/travis/build/npmtest/node-npmtest-later/node_modules/later/index.js":{"path":"/home/travis/build/npmtest/node-npmtest-later/node_modules/later/index.js","s":{"1":1,"2":1,"3":3,"4":0,"5":1,"6":1,"7":1,"8":3,"9":0,"10":3},"b":{"1":[0,3],"2":[0,1],"3":[0,3]},"f":{"1":3,"2":3},"fnMap":{"1":{"name":"(anonymous_1)","line":4,"loc":{"start":{"line":4,"column":16},"end":{"line":4,"column":28}}},"2":{"name":"(anonymous_2)","line":12,"loc":{"start":{"line":12,"column":16},"end":{"line":12,"column":28}}}},"statementMap":{"1":{"start":{"line":1,"column":0},"end":{"line":2,"column":22}},"2":{"start":{"line":4,"column":0},"end":{"line":6,"column":3}},"3":{"start":{"line":5,"column":2},"end":{"line":5,"column":47}},"4":{"start":{"line":5,"column":19},"end":{"line":5,"column":47}},"5":{"start":{"line":8,"column":0},"end":{"line":8,"column":62}},"6":{"start":{"line":10,"column":0},"end":{"line":10,"column":23}},"7":{"start":{"line":12,"column":0},"end":{"line":15,"column":3}},"8":{"start":{"line":13,"column":2},"end":{"line":14,"column":24}},"9":{"start":{"line":13,"column":25},"end":{"line":13,"column":53}},"10":{"start":{"line":14,"column":7},"end":{"line":14,"column":24}}},"branchMap":{"1":{"line":5,"type":"if","locations":[{"start":{"line":5,"column":2},"end":{"line":5,"column":2}},{"start":{"line":5,"column":2},"end":{"line":5,"column":2}}]},"2":{"line":8,"type":"cond-expr","locations":[{"start":{"line":8,"column":35},"end":{"line":8,"column":48}},{"start":{"line":8,"column":51},"end":{"line":8,"column":60}}]},"3":{"line":13,"type":"if","locations":[{"start":{"line":13,"column":2},"end":{"line":13,"column":2}},{"start":{"line":13,"column":2},"end":{"line":13,"column":2}}]}},"code":["var globals = [\"document\", \"window\", \"later\"],","    globalValues = {};","","globals.forEach(function(g) {","  if (g in global) globalValues[g] = global[g];","});","","require(process.env['LATER_COV'] ? \"./later-cov\" : \"./later\");","","module.exports = later;","","globals.forEach(function(g) {","  if (g in globalValues) global[g] = globalValues[g];","  else delete global[g];","});"],"l":{"1":1,"4":1,"5":3,"8":1,"10":1,"12":1,"13":3,"14":3}},"/home/travis/build/npmtest/node-npmtest-later/node_modules/later/later.js":{"path":"/home/travis/build/npmtest/node-npmtest-later/node_modules/later/later.js","s":{"1":1,"2":1,"3":1,"4":0,"5":0,"6":0,"7":0,"8":0,"9":0,"10":0,"11":0,"12":0,"13":0,"14":0,"15":0,"16":0,"17":0,"18":0,"19":0,"20":0,"21":0,"22":0,"23":0,"24":0,"25":1,"26":0,"27":0,"28":1,"29":1,"30":0,"31":0,"32":0,"33":0,"34":1,"35":0,"36":0,"37":0,"38":0,"39":0,"40":0,"41":0,"42":0,"43":0,"44":0,"45":1,"46":0,"47":0,"48":0,"49":0,"50":0,"51":0,"52":0,"53":0,"54":0,"55":0,"56":0,"57":1,"58":0,"59":0,"60":0,"61":0,"62":0,"63":0,"64":0,"65":0,"66":0,"67":0,"68":1,"69":0,"70":0,"71":0,"72":0,"73":0,"74":0,"75":0,"76":0,"77":0,"78":0,"79":0,"80":1,"81":0,"82":0,"83":0,"84":0,"85":0,"86":0,"87":0,"88":0,"89":0,"90":0,"91":0,"92":0,"93":0,"94":0,"95":0,"96":0,"97":1,"98":0,"99":0,"100":0,"101":0,"102":0,"103":0,"104":0,"105":0,"106":0,"107":0,"108":0,"109":0,"110":0,"111":0,"112":0,"113":0,"114":1,"115":0,"116":0,"117":0,"118":0,"119":0,"120":0,"121":0,"122":0,"123":0,"124":1,"125":0,"126":0,"127":0,"128":0,"129":0,"130":0,"131":0,"132":0,"133":0,"134":0,"135":0,"136":0,"137":0,"138":1,"139":0,"140":0,"141":0,"142":0,"143":0,"144":0,"145":0,"146":0,"147":0,"148":0,"149":0,"150":0,"151":1,"152":0,"153":0,"154":0,"155":0,"156":0,"157":0,"158":0,"159":0,"160":0,"161":0,"162":0,"163":1,"164":0,"165":0,"166":0,"167":0,"168":0,"169":0,"170":0,"171":0,"172":0,"173":1,"174":0,"175":0,"176":0,"177":0,"178":0,"179":0,"180":0,"181":0,"182":0,"183":0,"184":0,"185":1,"186":0,"187":0,"188":0,"189":0,"190":0,"191":0,"192":0,"193":0,"194":0,"195":0,"196":0,"197":0,"198":1,"199":0,"200":0,"201":0,"202":0,"203":0,"204":0,"205":0,"206":0,"207":0,"208":0,"209":0,"210":0,"211":1,"212":0,"213":0,"214":0,"215":0,"216":0,"217":0,"218":0,"219":0,"220":0,"221":0,"222":0,"223":0,"224":0,"225":0,"226":0,"227":0,"228":0,"229":0,"230":0,"231":0,"232":0,"233":0,"234":0,"235":0,"236":1,"237":0,"238":0,"239":0,"240":0,"241":0,"242":0,"243":0,"244":1,"245":0,"246":0,"247":0,"248":0,"249":0,"250":0,"251":0,"252":1,"253":1,"254":0,"255":0,"256":0,"257":0,"258":0,"259":0,"260":0,"261":0,"262":1,"263":0,"264":0,"265":0,"266":0,"267":0,"268":0,"269":0,"270":1,"271":0,"272":0,"273":0,"274":0,"275":0,"276":0,"277":0,"278":0,"279":0,"280":1,"281":0,"282":0,"283":0,"284":0,"285":0,"286":0,"287":0,"288":0,"289":0,"290":0,"291":0,"292":0,"293":0,"294":0,"295":0,"296":0,"297":0,"298":0,"299":0,"300":0,"301":0,"302":0,"303":0,"304":0,"305":0,"306":0,"307":1,"308":0,"309":0,"310":0,"311":0,"312":0,"313":0,"314":0,"315":0,"316":0,"317":1,"318":0,"319":0,"320":0,"321":0,"322":0,"323":0,"324":0,"325":0,"326":0,"327":0,"328":0,"329":0,"330":0,"331":0,"332":0,"333":0,"334":0,"335":0,"336":0,"337":0,"338":0,"339":0,"340":0,"341":0,"342":0,"343":0,"344":0,"345":0,"346":0,"347":0,"348":0,"349":0,"350":0,"351":1,"352":0,"353":0,"354":0,"355":1,"356":0,"357":0,"358":1,"359":0,"360":0,"361":0,"362":0,"363":1,"364":0,"365":0,"366":0,"367":0,"368":0,"369":0,"370":1,"371":0,"372":0,"373":0,"374":0,"375":0,"376":0,"377":0,"378":1,"379":0,"380":0,"381":0,"382":1,"383":0,"384":0,"385":0,"386":0,"387":0,"388":0,"389":0,"390":0,"391":0,"392":1,"393":0,"394":0,"395":0,"396":0,"397":0,"398":0,"399":0,"400":1,"401":0,"402":0,"403":0,"404":0,"405":0,"406":1,"407":0,"408":0,"409":0,"410":0,"411":0,"412":0,"413":0,"414":0,"415":0,"416":0,"417":1,"418":0,"419":0,"420":0,"421":1,"422":0,"423":0,"424":0,"425":0,"426":0,"427":0,"428":0,"429":0,"430":0,"431":0,"432":0,"433":1,"434":0,"435":0,"436":0,"437":1,"438":0,"439":0,"440":0,"441":0,"442":0,"443":0,"444":0,"445":0,"446":0,"447":0,"448":0,"449":0,"450":0,"451":1,"452":0,"453":0,"454":0,"455":1,"456":0,"457":0,"458":0,"459":0,"460":0,"461":0,"462":0,"463":1,"464":1,"465":1,"466":0,"467":0,"468":1,"469":1,"470":1,"471":1,"472":1,"473":1,"474":1,"475":1,"476":1,"477":1,"478":1,"479":1,"480":0,"481":1,"482":1,"483":1,"484":1,"485":1,"486":1,"487":1,"488":1,"489":1,"490":0,"491":1,"492":0,"493":0,"494":1,"495":0,"496":0,"497":0,"498":0,"499":0,"500":0,"501":0,"502":1,"503":0,"504":0,"505":1,"506":1,"507":0,"508":0,"509":0,"510":1,"511":0,"512":1,"513":0,"514":0,"515":0,"516":0,"517":0,"518":1,"519":0,"520":0,"521":0,"522":0,"523":0,"524":0,"525":0,"526":0,"527":0,"528":1,"529":0,"530":0,"531":0,"532":0,"533":0,"534":1,"535":0,"536":0,"537":0,"538":0,"539":0,"540":0,"541":0,"542":0,"543":0,"544":0,"545":0,"546":0,"547":0,"548":0,"549":0,"550":0,"551":1,"552":0,"553":0,"554":0,"555":0,"556":0,"557":0,"558":1,"559":0,"560":0,"561":0,"562":0,"563":0,"564":0,"565":0,"566":0,"567":0,"568":0,"569":0,"570":0,"571":0,"572":1,"573":0,"574":1,"575":0,"576":1,"577":0,"578":0,"579":0,"580":0,"581":0,"582":0,"583":0,"584":0,"585":0,"586":0,"587":1,"588":0,"589":0,"590":0,"591":0,"592":1,"593":0,"594":1,"595":0,"596":0,"597":0,"598":0,"599":0,"600":0,"601":0,"602":0,"603":0,"604":0,"605":0,"606":0,"607":0,"608":0,"609":0,"610":0,"611":0,"612":0,"613":0,"614":0,"615":0,"616":0,"617":0,"618":0,"619":0,"620":0,"621":0,"622":0,"623":0,"624":0,"625":0,"626":0,"627":0,"628":0,"629":0,"630":0,"631":0,"632":0,"633":0,"634":0,"635":0,"636":0,"637":0,"638":0,"639":0,"640":0,"641":0,"642":0,"643":0,"644":0,"645":0,"646":0,"647":0,"648":0,"649":0,"650":0,"651":0,"652":0,"653":0,"654":0,"655":0,"656":0,"657":0,"658":0,"659":0,"660":0,"661":0,"662":0,"663":0,"664":0,"665":0,"666":0,"667":0,"668":0,"669":0,"670":0,"671":0,"672":0,"673":0,"674":0,"675":0,"676":0,"677":0,"678":0,"679":0,"680":0,"681":0,"682":0,"683":0,"684":0,"685":0,"686":0,"687":1,"688":0,"689":0,"690":0,"691":1,"692":0,"693":1,"694":0,"695":0,"696":0,"697":0,"698":0,"699":0,"700":0,"701":0,"702":0,"703":0,"704":0,"705":0,"706":0,"707":0,"708":0,"709":0,"710":0,"711":1,"712":0,"713":0,"714":0,"715":1,"716":0,"717":0,"718":0,"719":0,"720":1,"721":0,"722":0,"723":0,"724":0,"725":1,"726":0,"727":0,"728":0,"729":0,"730":0,"731":0,"732":0,"733":0,"734":0,"735":0,"736":0,"737":0,"738":0,"739":0,"740":0,"741":0,"742":0,"743":1,"744":0,"745":0,"746":0,"747":0,"748":0,"749":0,"750":1,"751":0,"752":0,"753":0,"754":0,"755":0,"756":0,"757":0,"758":0,"759":0,"760":0,"761":0,"762":0,"763":0,"764":0,"765":0,"766":0,"767":0,"768":0,"769":0,"770":0,"771":0,"772":0,"773":0,"774":0,"775":0,"776":0,"777":0,"778":0,"779":0,"780":0,"781":0,"782":0,"783":0,"784":0,"785":0,"786":0,"787":0,"788":0,"789":0,"790":0,"791":1,"792":0,"793":0,"794":0,"795":0,"796":0,"797":0,"798":0,"799":0,"800":0,"801":0,"802":0,"803":0,"804":0,"805":0,"806":0,"807":0,"808":0,"809":0,"810":0,"811":0,"812":0,"813":0,"814":0,"815":0,"816":0,"817":0,"818":1,"819":0,"820":0,"821":0,"822":0,"823":1,"824":0,"825":0,"826":0,"827":0,"828":0,"829":1,"830":0,"831":1,"832":0,"833":0,"834":0,"835":0,"836":0,"837":0,"838":0,"839":0,"840":0,"841":0,"842":0,"843":1},"b":{"1":[0,1],"2":[0,0],"3":[0,0],"4":[0,0],"5":[0,0],"6":[0,0],"7":[0,0,0],"8":[0,0],"9":[0,0],"10":[0,0],"11":[0,0],"12":[0,0],"13":[0,1],"14":[0,0],"15":[0,0],"16":[0,0],"17":[0,0],"18":[0,0,0,0],"19":[0,0],"20":[0,0],"21":[0,0],"22":[0,0],"23":[0,0],"24":[0,0],"25":[0,0],"26":[0,0],"27":[0,0,0,0],"28":[0,0],"29":[0,0],"30":[0,0],"31":[0,0],"32":[0,0],"33":[0,0],"34":[0,0],"35":[0,0],"36":[0,0],"37":[0,0],"38":[0,0],"39":[0,0],"40":[0,0],"41":[0,0],"42":[0,0],"43":[0,0],"44":[0,0],"45":[0,0],"46":[0,0],"47":[0,0,0],"48":[0,0],"49":[0,0],"50":[0,0],"51":[0,0],"52":[0,0],"53":[0,0],"54":[0,0],"55":[0,0],"56":[0,0],"57":[0,0],"58":[0,0],"59":[0,0],"60":[0,0],"61":[0,0],"62":[0,0],"63":[0,0],"64":[0,0],"65":[0,0],"66":[0,0],"67":[0,0],"68":[0,0],"69":[0,0],"70":[0,0],"71":[0,0],"72":[0,0],"73":[0,0],"74":[0,0],"75":[0,0],"76":[0,0],"77":[0,0],"78":[0,0],"79":[0,0],"80":[0,0],"81":[0,0],"82":[0,0],"83":[0,0],"84":[0,0],"85":[0,0],"86":[0,0],"87":[0,0],"88":[0,0],"89":[0,0],"90":[0,0],"91":[0,0],"92":[0,0],"93":[0,0],"94":[0,0],"95":[0,0],"96":[0,0],"97":[0,0],"98":[0,0],"99":[0,0],"100":[0,0],"101":[0,0],"102":[0,0],"103":[0,0],"104":[0,0],"105":[0,0],"106":[0,0],"107":[0,0],"108":[0,0],"109":[0,0],"110":[0,0],"111":[0,0],"112":[0,0],"113":[0,0],"114":[0,0],"115":[0,0],"116":[0,0],"117":[0,0],"118":[0,0],"119":[0,0],"120":[0,0],"121":[0,0],"122":[0,0],"123":[0,0],"124":[0,0],"125":[0,0],"126":[0,0],"127":[0,0],"128":[0,0],"129":[0,0],"130":[0,0],"131":[0,0],"132":[0,0],"133":[0,0],"134":[0,0],"135":[0,0],"136":[0,0],"137":[0,0],"138":[0,0],"139":[0,0],"140":[0,0],"141":[0,0],"142":[0,0],"143":[0,0],"144":[0,0],"145":[0,0],"146":[0,0],"147":[0,0],"148":[0,0],"149":[0,0],"150":[0,0],"151":[0,0],"152":[0,0],"153":[0,0],"154":[0,0],"155":[0,0],"156":[0,0],"157":[0,0],"158":[0,0],"159":[0,0],"160":[0,0],"161":[0,0],"162":[0,0,0],"163":[0,0],"164":[0,0],"165":[0,0],"166":[0,0],"167":[0,0],"168":[0,0,0],"169":[0,0],"170":[0,0],"171":[0,0],"172":[0,0],"173":[0,0],"174":[0,0],"175":[0,0],"176":[0,0],"177":[0,0],"178":[0,0,0],"179":[0,0],"180":[0,0],"181":[0,0],"182":[0,0],"183":[0,0],"184":[0,0],"185":[0,0],"186":[0,0],"187":[0,0],"188":[0,0],"189":[0,0],"190":[0,0],"191":[0,0],"192":[0,0],"193":[0,0],"194":[0,0],"195":[0,0],"196":[0,0],"197":[0,0],"198":[0,0],"199":[0,0],"200":[0,0],"201":[0,0],"202":[0,0],"203":[0,0],"204":[0,0],"205":[0,0],"206":[0,0],"207":[0,0],"208":[0,0],"209":[0,0],"210":[0,0],"211":[0,0],"212":[0,0],"213":[0,0,0,0],"214":[0,0],"215":[0,0],"216":[0,0],"217":[0,0,0],"218":[0,0],"219":[0,0],"220":[0,0],"221":[0,0,0],"222":[0,0],"223":[0,0],"224":[0,0],"225":[0,0],"226":[0,0],"227":[0,0],"228":[0,0],"229":[0,0],"230":[0,0],"231":[0,0],"232":[0,0],"233":[0,0],"234":[0,0],"235":[0,0],"236":[0,0],"237":[0,0],"238":[0,0],"239":[0,0],"240":[0,1],"241":[0,1],"242":[0,0],"243":[0,0],"244":[0,0],"245":[0,0],"246":[0,0],"247":[0,0],"248":[0,0],"249":[0,0],"250":[0,0],"251":[0,0],"252":[0,0],"253":[0,0],"254":[0,0],"255":[0,0],"256":[0,0],"257":[0,0],"258":[0,0],"259":[0,0],"260":[0,0],"261":[0,0],"262":[0,0],"263":[0,0],"264":[0,0],"265":[0,0],"266":[0,0],"267":[0,0,0,0],"268":[0,0],"269":[0,0],"270":[0,0],"271":[0,0],"272":[0,0],"273":[0,0],"274":[0,0],"275":[0,0],"276":[0,0],"277":[0,0],"278":[0,0],"279":[0,0],"280":[0,0],"281":[0,0,0],"282":[0,0],"283":[0,0],"284":[0,0],"285":[0,0],"286":[0,0],"287":[0,0],"288":[0,0],"289":[0,0],"290":[0,0],"291":[0,0],"292":[0,0],"293":[0,0],"294":[0,0],"295":[0,0],"296":[0,0],"297":[0,0],"298":[0,0],"299":[0,0],"300":[0,0],"301":[0,0],"302":[0,0],"303":[0,0],"304":[0,0],"305":[0,0,0],"306":[0,0],"307":[0,0],"308":[0,0],"309":[0,0],"310":[0,0],"311":[0,0],"312":[0,0],"313":[0,0],"314":[0,0],"315":[0,0],"316":[0,0,0,0,0,0,0,0,0,0,0,0],"317":[0,0],"318":[0,0],"319":[0,0,0,0,0,0,0,0,0,0,0,0],"320":[0,0],"321":[0,0],"322":[0,0,0,0],"323":[0,0],"324":[0,0],"325":[0,0]},"f":{"1":1,"2":0,"3":0,"4":0,"5":0,"6":0,"7":0,"8":0,"9":0,"10":0,"11":0,"12":0,"13":0,"14":0,"15":0,"16":0,"17":0,"18":0,"19":0,"20":0,"21":0,"22":0,"23":0,"24":0,"25":0,"26":0,"27":0,"28":0,"29":0,"30":0,"31":0,"32":0,"33":0,"34":0,"35":0,"36":0,"37":0,"38":0,"39":0,"40":0,"41":0,"42":0,"43":0,"44":0,"45":0,"46":0,"47":0,"48":0,"49":0,"50":0,"51":0,"52":0,"53":0,"54":0,"55":0,"56":0,"57":0,"58":0,"59":0,"60":0,"61":0,"62":0,"63":0,"64":0,"65":0,"66":0,"67":0,"68":0,"69":0,"70":0,"71":0,"72":0,"73":0,"74":0,"75":0,"76":0,"77":0,"78":0,"79":0,"80":0,"81":0,"82":0,"83":0,"84":0,"85":0,"86":0,"87":0,"88":0,"89":0,"90":0,"91":0,"92":0,"93":0,"94":0,"95":0,"96":0,"97":0,"98":0,"99":0,"100":0,"101":0,"102":0,"103":0,"104":0,"105":0,"106":0,"107":0,"108":0,"109":0,"110":0,"111":0,"112":0,"113":0,"114":0,"115":0,"116":0,"117":0,"118":0,"119":0,"120":0,"121":0,"122":0,"123":0,"124":0,"125":0,"126":0,"127":0,"128":0,"129":0,"130":0,"131":0,"132":0,"133":0,"134":0,"135":0,"136":0,"137":0,"138":0,"139":0,"140":0,"141":0,"142":0,"143":0,"144":0,"145":0,"146":0,"147":1,"148":0,"149":0,"150":1,"151":0,"152":0,"153":0,"154":0,"155":0,"156":0,"157":0,"158":0,"159":0,"160":0,"161":0,"162":0,"163":0,"164":0,"165":0,"166":0,"167":0,"168":0,"169":0,"170":0,"171":0,"172":0,"173":0,"174":0,"175":0,"176":0,"177":0,"178":0,"179":0,"180":0,"181":0,"182":0,"183":0,"184":0,"185":0,"186":0,"187":0,"188":0,"189":0,"190":0,"191":0,"192":0,"193":0,"194":0,"195":0,"196":0,"197":0,"198":0,"199":0,"200":0,"201":0,"202":0,"203":0,"204":0,"205":0,"206":0,"207":0,"208":0,"209":0,"210":0,"211":0},"fnMap":{"1":{"name":"(anonymous_1)","line":1,"loc":{"start":{"line":1,"column":8},"end":{"line":1,"column":19}}},"2":{"name":"(anonymous_2)","line":7,"loc":{"start":{"line":7,"column":30},"end":{"line":7,"column":54}}},"3":{"name":"(anonymous_3)","line":39,"loc":{"start":{"line":39,"column":28},"end":{"line":39,"column":39}}},"4":{"name":"(anonymous_4)","line":44,"loc":{"start":{"line":44,"column":21},"end":{"line":44,"column":47}}},"5":{"name":"(anonymous_5)","line":45,"loc":{"start":{"line":45,"column":13},"end":{"line":45,"column":28}}},"6":{"name":"(anonymous_6)","line":52,"loc":{"start":{"line":52,"column":21},"end":{"line":52,"column":51}}},"7":{"name":"(anonymous_7)","line":67,"loc":{"start":{"line":67,"column":28},"end":{"line":67,"column":58}}},"8":{"name":"(anonymous_8)","line":84,"loc":{"start":{"line":84,"column":21},"end":{"line":84,"column":51}}},"9":{"name":"(anonymous_9)","line":99,"loc":{"start":{"line":99,"column":28},"end":{"line":99,"column":58}}},"10":{"name":"(anonymous_10)","line":119,"loc":{"start":{"line":119,"column":9},"end":{"line":119,"column":21}}},"11":{"name":"(anonymous_11)","line":122,"loc":{"start":{"line":122,"column":13},"end":{"line":122,"column":30}}},"12":{"name":"(anonymous_12)","line":125,"loc":{"start":{"line":125,"column":12},"end":{"line":125,"column":24}}},"13":{"name":"(anonymous_13)","line":133,"loc":{"start":{"line":133,"column":11},"end":{"line":133,"column":23}}},"14":{"name":"(anonymous_14)","line":136,"loc":{"start":{"line":136,"column":9},"end":{"line":136,"column":21}}},"15":{"name":"(anonymous_15)","line":139,"loc":{"start":{"line":139,"column":10},"end":{"line":139,"column":27}}},"16":{"name":"(anonymous_16)","line":145,"loc":{"start":{"line":145,"column":10},"end":{"line":145,"column":27}}},"17":{"name":"(anonymous_17)","line":153,"loc":{"start":{"line":153,"column":9},"end":{"line":153,"column":21}}},"18":{"name":"(anonymous_18)","line":156,"loc":{"start":{"line":156,"column":13},"end":{"line":156,"column":30}}},"19":{"name":"(anonymous_19)","line":159,"loc":{"start":{"line":159,"column":12},"end":{"line":159,"column":24}}},"20":{"name":"(anonymous_20)","line":162,"loc":{"start":{"line":162,"column":11},"end":{"line":162,"column":23}}},"21":{"name":"(anonymous_21)","line":165,"loc":{"start":{"line":165,"column":9},"end":{"line":165,"column":21}}},"22":{"name":"(anonymous_22)","line":168,"loc":{"start":{"line":168,"column":10},"end":{"line":168,"column":27}}},"23":{"name":"(anonymous_23)","line":179,"loc":{"start":{"line":179,"column":10},"end":{"line":179,"column":27}}},"24":{"name":"(anonymous_24)","line":188,"loc":{"start":{"line":188,"column":9},"end":{"line":188,"column":21}}},"25":{"name":"(anonymous_25)","line":191,"loc":{"start":{"line":191,"column":13},"end":{"line":191,"column":30}}},"26":{"name":"(anonymous_26)","line":194,"loc":{"start":{"line":194,"column":12},"end":{"line":194,"column":23}}},"27":{"name":"(anonymous_27)","line":197,"loc":{"start":{"line":197,"column":11},"end":{"line":197,"column":23}}},"28":{"name":"(anonymous_28)","line":200,"loc":{"start":{"line":200,"column":9},"end":{"line":200,"column":21}}},"29":{"name":"(anonymous_29)","line":203,"loc":{"start":{"line":203,"column":10},"end":{"line":203,"column":27}}},"30":{"name":"(anonymous_30)","line":207,"loc":{"start":{"line":207,"column":10},"end":{"line":207,"column":27}}},"31":{"name":"(anonymous_31)","line":215,"loc":{"start":{"line":215,"column":9},"end":{"line":215,"column":21}}},"32":{"name":"(anonymous_32)","line":218,"loc":{"start":{"line":218,"column":13},"end":{"line":218,"column":30}}},"33":{"name":"(anonymous_33)","line":221,"loc":{"start":{"line":221,"column":12},"end":{"line":221,"column":24}}},"34":{"name":"(anonymous_34)","line":225,"loc":{"start":{"line":225,"column":11},"end":{"line":225,"column":23}}},"35":{"name":"(anonymous_35)","line":228,"loc":{"start":{"line":228,"column":9},"end":{"line":228,"column":21}}},"36":{"name":"(anonymous_36)","line":231,"loc":{"start":{"line":231,"column":10},"end":{"line":231,"column":27}}},"37":{"name":"(anonymous_37)","line":237,"loc":{"start":{"line":237,"column":10},"end":{"line":237,"column":27}}},"38":{"name":"(anonymous_38)","line":246,"loc":{"start":{"line":246,"column":9},"end":{"line":246,"column":21}}},"39":{"name":"(anonymous_39)","line":249,"loc":{"start":{"line":249,"column":13},"end":{"line":249,"column":30}}},"40":{"name":"(anonymous_40)","line":252,"loc":{"start":{"line":252,"column":12},"end":{"line":252,"column":23}}},"41":{"name":"(anonymous_41)","line":255,"loc":{"start":{"line":255,"column":11},"end":{"line":255,"column":23}}},"42":{"name":"(anonymous_42)","line":258,"loc":{"start":{"line":258,"column":9},"end":{"line":258,"column":21}}},"43":{"name":"(anonymous_43)","line":261,"loc":{"start":{"line":261,"column":10},"end":{"line":261,"column":27}}},"44":{"name":"(anonymous_44)","line":269,"loc":{"start":{"line":269,"column":10},"end":{"line":269,"column":27}}},"45":{"name":"(anonymous_45)","line":277,"loc":{"start":{"line":277,"column":9},"end":{"line":277,"column":21}}},"46":{"name":"(anonymous_46)","line":280,"loc":{"start":{"line":280,"column":13},"end":{"line":280,"column":30}}},"47":{"name":"(anonymous_47)","line":283,"loc":{"start":{"line":283,"column":12},"end":{"line":283,"column":24}}},"48":{"name":"(anonymous_48)","line":286,"loc":{"start":{"line":286,"column":11},"end":{"line":286,"column":23}}},"49":{"name":"(anonymous_49)","line":289,"loc":{"start":{"line":289,"column":9},"end":{"line":289,"column":21}}},"50":{"name":"(anonymous_50)","line":292,"loc":{"start":{"line":292,"column":10},"end":{"line":292,"column":27}}},"51":{"name":"(anonymous_51)","line":299,"loc":{"start":{"line":299,"column":10},"end":{"line":299,"column":27}}},"52":{"name":"(anonymous_52)","line":307,"loc":{"start":{"line":307,"column":9},"end":{"line":307,"column":21}}},"53":{"name":"(anonymous_53)","line":310,"loc":{"start":{"line":310,"column":13},"end":{"line":310,"column":30}}},"54":{"name":"(anonymous_54)","line":313,"loc":{"start":{"line":313,"column":12},"end":{"line":313,"column":23}}},"55":{"name":"(anonymous_55)","line":316,"loc":{"start":{"line":316,"column":11},"end":{"line":316,"column":23}}},"56":{"name":"(anonymous_56)","line":319,"loc":{"start":{"line":319,"column":9},"end":{"line":319,"column":21}}},"57":{"name":"(anonymous_57)","line":322,"loc":{"start":{"line":322,"column":10},"end":{"line":322,"column":27}}},"58":{"name":"(anonymous_58)","line":326,"loc":{"start":{"line":326,"column":10},"end":{"line":326,"column":27}}},"59":{"name":"(anonymous_59)","line":334,"loc":{"start":{"line":334,"column":9},"end":{"line":334,"column":21}}},"60":{"name":"(anonymous_60)","line":337,"loc":{"start":{"line":337,"column":13},"end":{"line":337,"column":30}}},"61":{"name":"(anonymous_61)","line":340,"loc":{"start":{"line":340,"column":12},"end":{"line":340,"column":23}}},"62":{"name":"(anonymous_62)","line":343,"loc":{"start":{"line":343,"column":11},"end":{"line":343,"column":23}}},"63":{"name":"(anonymous_63)","line":346,"loc":{"start":{"line":346,"column":9},"end":{"line":346,"column":21}}},"64":{"name":"(anonymous_64)","line":349,"loc":{"start":{"line":349,"column":10},"end":{"line":349,"column":27}}},"65":{"name":"(anonymous_65)","line":356,"loc":{"start":{"line":356,"column":10},"end":{"line":356,"column":34}}},"66":{"name":"(anonymous_66)","line":364,"loc":{"start":{"line":364,"column":9},"end":{"line":364,"column":21}}},"67":{"name":"(anonymous_67)","line":367,"loc":{"start":{"line":367,"column":13},"end":{"line":367,"column":30}}},"68":{"name":"(anonymous_68)","line":370,"loc":{"start":{"line":370,"column":12},"end":{"line":370,"column":23}}},"69":{"name":"(anonymous_69)","line":373,"loc":{"start":{"line":373,"column":11},"end":{"line":373,"column":23}}},"70":{"name":"(anonymous_70)","line":376,"loc":{"start":{"line":376,"column":9},"end":{"line":376,"column":21}}},"71":{"name":"(anonymous_71)","line":379,"loc":{"start":{"line":379,"column":10},"end":{"line":379,"column":27}}},"72":{"name":"(anonymous_72)","line":387,"loc":{"start":{"line":387,"column":10},"end":{"line":387,"column":27}}},"73":{"name":"(anonymous_73)","line":395,"loc":{"start":{"line":395,"column":9},"end":{"line":395,"column":21}}},"74":{"name":"(anonymous_74)","line":398,"loc":{"start":{"line":398,"column":13},"end":{"line":398,"column":30}}},"75":{"name":"(anonymous_75)","line":401,"loc":{"start":{"line":401,"column":12},"end":{"line":401,"column":24}}},"76":{"name":"(anonymous_76)","line":404,"loc":{"start":{"line":404,"column":11},"end":{"line":404,"column":23}}},"77":{"name":"(anonymous_77)","line":407,"loc":{"start":{"line":407,"column":9},"end":{"line":407,"column":21}}},"78":{"name":"(anonymous_78)","line":410,"loc":{"start":{"line":410,"column":10},"end":{"line":410,"column":27}}},"79":{"name":"(anonymous_79)","line":416,"loc":{"start":{"line":416,"column":10},"end":{"line":416,"column":27}}},"80":{"name":"(anonymous_80)","line":425,"loc":{"start":{"line":425,"column":9},"end":{"line":425,"column":21}}},"81":{"name":"(anonymous_81)","line":430,"loc":{"start":{"line":430,"column":13},"end":{"line":430,"column":30}}},"82":{"name":"(anonymous_82)","line":433,"loc":{"start":{"line":433,"column":12},"end":{"line":433,"column":24}}},"83":{"name":"(anonymous_83)","line":438,"loc":{"start":{"line":438,"column":11},"end":{"line":438,"column":23}}},"84":{"name":"(anonymous_84)","line":441,"loc":{"start":{"line":441,"column":9},"end":{"line":441,"column":21}}},"85":{"name":"(anonymous_85)","line":444,"loc":{"start":{"line":444,"column":10},"end":{"line":444,"column":27}}},"86":{"name":"(anonymous_86)","line":454,"loc":{"start":{"line":454,"column":10},"end":{"line":454,"column":27}}},"87":{"name":"(anonymous_87)","line":467,"loc":{"start":{"line":467,"column":9},"end":{"line":467,"column":21}}},"88":{"name":"(anonymous_88)","line":470,"loc":{"start":{"line":470,"column":13},"end":{"line":470,"column":30}}},"89":{"name":"(anonymous_89)","line":473,"loc":{"start":{"line":473,"column":12},"end":{"line":473,"column":23}}},"90":{"name":"(anonymous_90)","line":476,"loc":{"start":{"line":476,"column":11},"end":{"line":476,"column":23}}},"91":{"name":"(anonymous_91)","line":479,"loc":{"start":{"line":479,"column":9},"end":{"line":479,"column":21}}},"92":{"name":"(anonymous_92)","line":482,"loc":{"start":{"line":482,"column":10},"end":{"line":482,"column":27}}},"93":{"name":"(anonymous_93)","line":485,"loc":{"start":{"line":485,"column":10},"end":{"line":485,"column":27}}},"94":{"name":"(anonymous_94)","line":492,"loc":{"start":{"line":492,"column":9},"end":{"line":492,"column":21}}},"95":{"name":"(anonymous_95)","line":495,"loc":{"start":{"line":495,"column":13},"end":{"line":495,"column":30}}},"96":{"name":"(anonymous_96)","line":498,"loc":{"start":{"line":498,"column":12},"end":{"line":498,"column":23}}},"97":{"name":"(anonymous_97)","line":501,"loc":{"start":{"line":501,"column":11},"end":{"line":501,"column":23}}},"98":{"name":"(anonymous_98)","line":504,"loc":{"start":{"line":504,"column":9},"end":{"line":504,"column":21}}},"99":{"name":"(anonymous_99)","line":507,"loc":{"start":{"line":507,"column":10},"end":{"line":507,"column":27}}},"100":{"name":"(anonymous_100)","line":510,"loc":{"start":{"line":510,"column":10},"end":{"line":510,"column":27}}},"101":{"name":"(anonymous_101)","line":515,"loc":{"start":{"line":515,"column":44},"end":{"line":515,"column":73}}},"102":{"name":"(anonymous_102)","line":521,"loc":{"start":{"line":521,"column":15},"end":{"line":521,"column":32}}},"103":{"name":"(anonymous_103)","line":527,"loc":{"start":{"line":527,"column":12},"end":{"line":527,"column":37}}},"104":{"name":"(anonymous_104)","line":531,"loc":{"start":{"line":531,"column":12},"end":{"line":531,"column":37}}},"105":{"name":"(anonymous_105)","line":537,"loc":{"start":{"line":537,"column":45},"end":{"line":537,"column":74}}},"106":{"name":"(anonymous_106)","line":543,"loc":{"start":{"line":543,"column":15},"end":{"line":543,"column":32}}},"107":{"name":"(anonymous_107)","line":549,"loc":{"start":{"line":549,"column":12},"end":{"line":549,"column":37}}},"108":{"name":"(anonymous_108)","line":553,"loc":{"start":{"line":553,"column":12},"end":{"line":553,"column":37}}},"109":{"name":"(anonymous_109)","line":559,"loc":{"start":{"line":559,"column":18},"end":{"line":559,"column":37}}},"110":{"name":"(anonymous_110)","line":569,"loc":{"start":{"line":569,"column":21},"end":{"line":569,"column":36}}},"111":{"name":"compareFn","line":574,"loc":{"start":{"line":574,"column":4},"end":{"line":574,"column":28}}},"112":{"name":"(anonymous_112)","line":575,"loc":{"start":{"line":575,"column":30},"end":{"line":575,"column":45}}},"113":{"name":"(anonymous_113)","line":577,"loc":{"start":{"line":577,"column":10},"end":{"line":577,"column":25}}},"114":{"name":"(anonymous_114)","line":582,"loc":{"start":{"line":582,"column":13},"end":{"line":582,"column":38}}},"115":{"name":"(anonymous_115)","line":600,"loc":{"start":{"line":600,"column":11},"end":{"line":600,"column":36}}},"116":{"name":"(anonymous_116)","line":613,"loc":{"start":{"line":613,"column":12},"end":{"line":613,"column":32}}},"117":{"name":"(anonymous_117)","line":616,"loc":{"start":{"line":616,"column":17},"end":{"line":616,"column":32}}},"118":{"name":"(anonymous_118)","line":621,"loc":{"start":{"line":621,"column":19},"end":{"line":621,"column":35}}},"119":{"name":"getInstances","line":631,"loc":{"start":{"line":631,"column":4},"end":{"line":631,"column":67}}},"120":{"name":"cleanDate","line":673,"loc":{"start":{"line":673,"column":4},"end":{"line":673,"column":26}}},"121":{"name":"setNextStarts","line":679,"loc":{"start":{"line":679,"column":4},"end":{"line":679,"column":64}}},"122":{"name":"updateNextStarts","line":684,"loc":{"start":{"line":684,"column":4},"end":{"line":684,"column":67}}},"123":{"name":"setRangeStarts","line":692,"loc":{"start":{"line":692,"column":4},"end":{"line":692,"column":65}}},"124":{"name":"updateRangeStarts","line":703,"loc":{"start":{"line":703,"column":4},"end":{"line":703,"column":68}}},"125":{"name":"tickStarts","line":716,"loc":{"start":{"line":716,"column":4},"end":{"line":716,"column":61}}},"126":{"name":"getStart","line":723,"loc":{"start":{"line":723,"column":4},"end":{"line":723,"column":66}}},"127":{"name":"calcRangeOverlap","line":738,"loc":{"start":{"line":738,"column":4},"end":{"line":738,"column":57}}},"128":{"name":"calcMaxEndDate","line":750,"loc":{"start":{"line":750,"column":4},"end":{"line":750,"column":49}}},"129":{"name":"calcEnd","line":759,"loc":{"start":{"line":759,"column":4},"end":{"line":759,"column":70}}},"130":{"name":"compareFn","line":775,"loc":{"start":{"line":775,"column":4},"end":{"line":775,"column":28}}},"131":{"name":"(anonymous_131)","line":776,"loc":{"start":{"line":776,"column":30},"end":{"line":776,"column":45}}},"132":{"name":"(anonymous_132)","line":778,"loc":{"start":{"line":778,"column":10},"end":{"line":778,"column":25}}},"133":{"name":"findNext","line":782,"loc":{"start":{"line":782,"column":4},"end":{"line":782,"column":36}}},"134":{"name":"(anonymous_134)","line":792,"loc":{"start":{"line":792,"column":15},"end":{"line":792,"column":27}}},"135":{"name":"(anonymous_135)","line":795,"loc":{"start":{"line":795,"column":12},"end":{"line":795,"column":48}}},"136":{"name":"(anonymous_136)","line":798,"loc":{"start":{"line":798,"column":12},"end":{"line":798,"column":48}}},"137":{"name":"(anonymous_137)","line":801,"loc":{"start":{"line":801,"column":17},"end":{"line":801,"column":53}}},"138":{"name":"(anonymous_138)","line":804,"l
[...]
154":{"start":{"line":409,"column":8},"end":{"line":409,"column":14}},"155":{"start":{"line":412,"column":4},"end":{"line":412,"column":18}},"156":{"start":{"line":415,"column":2},"end":{"line":415,"column":46}}},"branchMap":{"1":{"line":84,"type":"cond-expr","locations":[{"start":{"line":84,"column":49},"end":{"line":84,"column":57}},{"start":{"line":84,"column":60},"end":{"line":84,"column":70}}]},"2":{"line":92,"type":"binary-expr","locations":[{"start":{"line":92,"column":11},"end":{"line":92,"column":17}},{"start":{"line":92,"column":21},"end":{"line":92,"column":46}}]},"3":{"line":101,"type":"if","locations":[{"start":{"line":101,"column":8},"end":{"line":101,"column":8}},{"start":{"line":101,"column":8},"end":{"line":101,"column":8}}]},"4":{"line":101,"type":"binary-expr","locations":[{"start":{"line":101,"column":12},"end":{"line":101,"column":13}},{"start":{"line":101,"column":17},"end":{"line":101,"column":30}},{"start":{"line":101,"column":34},"end":{"line":101,"column":51}}]},"5":{"line":108,"type":"if","locations":[{"start":{"line":108,"column":6},"end":{"line":108,"column":6}},{"start":{"line":108,"column":6},"end":{"line":108,"column":6}}]},"6":{"line":135,"type":"cond-expr","locations":[{"start":{"line":135,"column":50},"end":{"line":135,"column":77}},{"start":{"line":135,"column":80},"end":{"line":135,"column":85}}]},"7":{"line":167,"type":"if","locations":[{"start":{"line":167,"column":4},"end":{"line":167,"column":4}},{"start":{"line":167,"column":4},"end":{"line":167,"column":4}}]},"8":{"line":170,"type":"if","locations":[{"start":{"line":170,"column":9},"end":{"line":170,"column":9}},{"start":{"line":170,"column":9},"end":{"line":170,"column":9}}]},"9":{"line":178,"type":"if","locations":[{"start":{"line":178,"column":6},"end":{"line":178,"column":6}},{"start":{"line":178,"column":6},"end":{"line":178,"column":6}}]},"10":{"line":183,"type":"if","locations":[{"start":{"line":183,"column":11},"end":{"line":183,"column":11}},{"start":{"line":183,"column":11},"end":{"line":183,"column":11}}]},"11":{"line":185,"type":"if","locations":[{"start":{"line":185,"column":8},"end":{"line":185,"column":8}},{"start":{"line":185,"column":8},"end":{"line":185,"column":8}}]},"12":{"line":199,"type":"if","locations":[{"start":{"line":199,"column":4},"end":{"line":199,"column":4}},{"start":{"line":199,"column":4},"end":{"line":199,"column":4}}]},"13":{"line":202,"type":"if","locations":[{"start":{"line":202,"column":9},"end":{"line":202,"column":9}},{"start":{"line":202,"column":9},"end":{"line":202,"column":9}}]},"14":{"line":226,"type":"binary-expr","locations":[{"start":{"line":226,"column":11},"end":{"line":226,"column":29}},{"start":{"line":226,"column":33},"end":{"line":226,"column":42}}]},"15":{"line":233,"type":"switch","locations":[{"start":{"line":234,"column":8},"end":{"line":236,"column":16}},{"start":{"line":237,"column":8},"end":{"line":246,"column":16}},{"start":{"line":247,"column":8},"end":{"line":256,"column":16}},{"start":{"line":257,"column":8},"end":{"line":259,"column":16}},{"start":{"line":260,"column":8},"end":{"line":262,"column":16}},{"start":{"line":263,"column":8},"end":{"line":265,"column":16}},{"start":{"line":266,"column":8},"end":{"line":268,"column":16}},{"start":{"line":269,"column":8},"end":{"line":274,"column":16}},{"start":{"line":275,"column":8},"end":{"line":276,"column":16}},{"start":{"line":277,"column":8},"end":{"line":279,"column":16}},{"start":{"line":280,"column":8},"end":{"line":282,"column":16}},{"start":{"line":283,"column":8},"end":{"line":284,"column":22}}]},"16":{"line":238,"type":"if","locations":[{"start":{"line":238,"column":10},"end":{"line":238,"column":10}},{"start":{"line":238,"column":10},"end":{"line":238,"column":10}}]},"17":{"line":248,"type":"if","locations":[{"start":{"line":248,"column":10},"end":{"line":248,"column":10}},{"start":{"line":248,"column":10},"end":{"line":248,"column":10}}]},"18":{"line":303,"type":"switch","locations":[{"start":{"line":304,"column":6},"end":{"line":306,"column":14}},{"start":{"line":307,"column":6},"end":{"line":309,"column":14}},{"start":{"line":310,"column":6},"end":{"line":312,"column":14}},{"start":{"line":313,"column":6},"end":{"line":315,"column":14}},{"start":{"line":316,"column":6},"end":{"line":318,"column":14}},{"start":{"line":319,"column":6},"end":{"line":321,"column":14}},{"start":{"line":322,"column":6},"end":{"line":324,"column":14}},{"start":{"line":325,"column":6},"end":{"line":327,"column":14}},{"start":{"line":328,"column":6},"end":{"line":330,"column":14}},{"start":{"line":331,"column":6},"end":{"line":333,"column":14}},{"start":{"line":334,"column":6},"end":{"line":336,"column":14}},{"start":{"line":337,"column":6},"end":{"line":338,"column":20}}]},"19":{"line":352,"type":"if","locations":[{"start":{"line":352,"column":4},"end":{"line":352,"column":4}},{"start":{"line":352,"column":4},"end":{"line":352,"column":4}}]},"20":{"line":365,"type":"if","locations":[{"start":{"line":365,"column":4},"end":{"line":365,"column":4}},{"start":{"line":365,"column":4},"end":{"line":365,"column":4}}]},"21":{"line":393,"type":"switch","locations":[{"start":{"line":394,"column":6},"end":{"line":400,"column":14}},{"start":{"line":402,"column":6},"end":{"line":404,"column":14}},{"start":{"line":406,"column":6},"end":{"line":406,"column":32}},{"start":{"line":407,"column":6},"end":{"line":409,"column":14}}]},"22":{"line":396,"type":"cond-expr","locations":[{"start":{"line":396,"column":56},"end":{"line":396,"column":82}},{"start":{"line":396,"column":85},"end":{"line":396,"column":93}}]},"23":{"line":396,"type":"binary-expr","locations":[{"start":{"line":396,"column":19},"end":{"line":396,"column":36}},{"start":{"line":396,"column":40},"end":{"line":396,"column":53}}]},"24":{"line":399,"type":"cond-expr","locations":[{"start":{"line":399,"column":38},"end":{"line":399,"column":41}},{"start":{"line":399,"column":44},"end":{"line":399,"column":46}}]}},"code":["/**","* Parses an English string expression and produces a schedule that is","* compatible with Later.js.","*","* Examples:","*","* every 5 minutes between the 1st and 30th minute","* at 10:00 am on tues of may in 2012","* on the 15-20th day of march-dec","* every 20 seconds every 5 minutes every 4 hours between the 10th and 20th hour","*/","later.parse.text = function(str) {","","  var recur = later.parse.recur,","      pos = 0,","      input = '',","      error;","","  // Regex expressions for all of the valid tokens","  var TOKENTYPES = {","        eof: /^$/,","        rank: /^((\\d\\d\\d\\d)|([2-5]?1(st)?|[2-5]?2(nd)?|[2-5]?3(rd)?|(0|[1-5]?[4-9]|[1-5]0|1[1-3])(th)?))\\b/,","        time: /^((([0]?[1-9]|1[0-2]):[0-5]\\d(\\s)?(am|pm))|(([0]?\\d|1\\d|2[0-3]):[0-5]\\d))\\b/,","        dayName: /^((sun|mon|tue(s)?|wed(nes)?|thu(r(s)?)?|fri|sat(ur)?)(day)?)\\b/,","        monthName: /^(jan(uary)?|feb(ruary)?|ma((r(ch)?)?|y)|apr(il)?|ju(ly|ne)|aug(ust)?|oct(ober)?|(sept|nov|dec)(ember)?)\\b/,","        yearIndex: /^(\\d\\d\\d\\d)\\b/,","        every: /^every\\b/,","        after: /^after\\b/,","        before: /^before\\b/,","        second: /^(s|sec(ond)?(s)?)\\b/,","        minute: /^(m|min(ute)?(s)?)\\b/,","        hour: /^(h|hour(s)?)\\b/,","        day: /^(day(s)?( of the month)?)\\b/,","        dayInstance: /^day instance\\b/,","        dayOfWeek: /^day(s)? of the week\\b/,","        dayOfYear: /^day(s)? of the year\\b/,","        weekOfYear: /^week(s)?( of the year)?\\b/,","        weekOfMonth: /^week(s)? of the month\\b/,","        weekday: /^weekday\\b/,","        weekend: /^weekend\\b/,","        month: /^month(s)?\\b/,","        year: /^year(s)?\\b/,","        between: /^between (the)?\\b/,","        start: /^(start(ing)? (at|on( the)?)?)\\b/,","        at: /^(at|@)\\b/,","        and: /^(,|and\\b)/,","        except: /^(except\\b)/,","        also: /(also)\\b/,","        first: /^(first)\\b/,","        last: /^last\\b/,","        \"in\": /^in\\b/,","        of: /^of\\b/,","        onthe: /^on the\\b/,","        on: /^on\\b/,","        through: /(-|^(to|through)\\b)/","      };","","  // Array to convert string names to valid numerical values","  var NAMES = { jan: 1, feb: 2, mar: 3, apr: 4, may: 5, jun: 6, jul: 7,","        aug: 8, sep: 9, oct: 10, nov: 11, dec: 12, sun: 1, mon: 2, tue: 3,","        wed: 4, thu: 5, fri: 6, sat: 7, '1st': 1, fir: 1, '2nd': 2, sec: 2,","        '3rd': 3, thi: 3, '4th': 4, 'for': 4","      };","","  /**","  * Bundles up the results of the peek operation into a token.","  *","  * @param {Int} start: The start position of the token","  * @param {Int} end: The end position of the token","  * @param {String} text: The actual text that was parsed","  * @param {TokenType} type: The TokenType of the token","  */","  function t(start, end, text, type) {","    return {startPos: start, endPos: end, text: text, type: type};","  }","","  /**","  * Peeks forward to see if the next token is the expected token and","  * returns the token if found.  Pos is not moved during a Peek operation.","  *","  * @param {TokenType} exepected: The types of token to scan for","  */","  function peek(expected) {","    var scanTokens = expected instanceof Array ? expected : [expected],","        whiteSpace = /\\s+/,","        token, curInput, m, scanToken, start, len;","","    scanTokens.push(whiteSpace);","","    // loop past any skipped tokens and only look for expected tokens","    start = pos;","    while (!token || token.type === whiteSpace) {","      len = -1;","      curInput = input.substring(start);","      token = t(start, start, input.split(whiteSpace)[0]);","","      var i, length = scanTokens.length;","      for(i = 0; i < length; i++) {","        scanToken = scanTokens[i];","        m = scanToken.exec(curInput);","        if (m && m.index === 0 && m[0].length > len) {","          len = m[0].length;","          token = t(start, start + len, curInput.substring(0, len), scanToken);","        }","      }","","      // update the start position if this token should be skipped","      if (token.type === whiteSpace) {","        start = token.endPos;","      }","    }","","    return token;","  }","","  /**","  * Moves pos to the end of the expectedToken if it is found.","  *","  * @param {TokenType} exepectedToken: The types of token to scan for","  */","  function scan(expectedToken) {","    var token = peek(expectedToken);","    pos = token.endPos;","    return token;","  }","","  /**","  * Parses the next 'y-z' expression and returns the resulting valid","  * value array.","  *","  * @param {TokenType} tokenType: The type of range values allowed","  */","  function parseThroughExpr(tokenType) {","    var start = +parseTokenValue(tokenType),","        end = checkAndParse(TOKENTYPES.through) ? +parseTokenValue(tokenType) : start,","        nums = [];","","    for (var i = start; i <= end; i++) {","      nums.push(i);","    }","","    return nums;","  }","","  /**","  * Parses the next 'x,y-z' expression and returns the resulting valid","  * value array.","  *","  * @param {TokenType} tokenType: The type of range values allowed","  */","  function parseRanges(tokenType) {","    var nums = parseThroughExpr(tokenType);","    while (checkAndParse(TOKENTYPES.and)) {","      nums = nums.concat(parseThroughExpr(tokenType));","    }","    return nums;","  }","","  /**","  * Parses the next 'every (weekend|weekday|x) (starting on|between)' expression.","  *","  * @param {Recur} r: The recurrence to add the expression to","  */","  function parseEvery(r) {","    var num, period, start, end;","","    if (checkAndParse(TOKENTYPES.weekend)) {","      r.on(NAMES.sun,NAMES.sat).dayOfWeek();","    }","    else if (checkAndParse(TOKENTYPES.weekday)) {","      r.on(NAMES.mon,NAMES.tue,NAMES.wed,NAMES.thu,NAMES.fri).dayOfWeek();","    }","    else {","      num = parseTokenValue(TOKENTYPES.rank);","      r.every(num);","      period = parseTimePeriod(r);","","      if (checkAndParse(TOKENTYPES.start)) {","        num = parseTokenValue(TOKENTYPES.rank);","        r.startingOn(num);","        parseToken(period.type);","      }","      else if (checkAndParse(TOKENTYPES.between)) {","        start = parseTokenValue(TOKENTYPES.rank);","        if (checkAndParse(TOKENTYPES.and)) {","          end = parseTokenValue(TOKENTYPES.rank);","          r.between(start,end);","        }","      }","    }","  }","","  /**","  * Parses the next 'on the (first|last|x,y-z)' expression.","  *","  * @param {Recur} r: The recurrence to add the expression to","  */","  function parseOnThe(r) {","    if (checkAndParse(TOKENTYPES.first)) {","      r.first();","    }","    else if (checkAndParse(TOKENTYPES.last)) {","      r.last();","    }","    else {","      r.on(parseRanges(TOKENTYPES.rank));","    }","","    parseTimePeriod(r);","  }","","  /**","  * Parses the schedule expression and returns the resulting schedules,","  * and exceptions.  Error will return the position in the string where","  * an error occurred, will be null if no errors were found in the","  * expression.","  *","  * @param {String} str: The schedule expression to parse","  */","  function parseScheduleExpr(str) {","    pos = 0;","    input = str;","    error = -1;","","    var r = recur();","    while (pos < input.length && error < 0) {","","      var token = parseToken([TOKENTYPES.every, TOKENTYPES.after, TOKENTYPES.before,","            TOKENTYPES.onthe, TOKENTYPES.on, TOKENTYPES.of, TOKENTYPES[\"in\"],","            TOKENTYPES.at, TOKENTYPES.and, TOKENTYPES.except,","            TOKENTYPES.also]);","","      switch (token.type) {","        case TOKENTYPES.every:","          parseEvery(r);","          break;","        case TOKENTYPES.after:","          if(peek(TOKENTYPES.time).type !== undefined) {","            r.after(parseTokenValue(TOKENTYPES.time));","            r.time();","          }","          else {","            r.after(parseTokenValue(TOKENTYPES.rank));","            parseTimePeriod(r);","          }","          break;","        case TOKENTYPES.before:","          if(peek(TOKENTYPES.time).type !== undefined) {","            r.before(parseTokenValue(TOKENTYPES.time));","            r.time();","          }","          else {","            r.before(parseTokenValue(TOKENTYPES.rank));","            parseTimePeriod(r);","          }","          break;","        case TOKENTYPES.onthe:","          parseOnThe(r);","          break;","        case TOKENTYPES.on:","          r.on(parseRanges(TOKENTYPES.dayName)).dayOfWeek();","          break;","        case TOKENTYPES.of:","          r.on(parseRanges(TOKENTYPES.monthName)).month();","          break;","        case TOKENTYPES[\"in\"]:","          r.on(parseRanges(TOKENTYPES.yearIndex)).year();","          break;","        case TOKENTYPES.at:","          r.on(parseTokenValue(TOKENTYPES.time)).time();","          while (checkAndParse(TOKENTYPES.and)) {","            r.on(parseTokenValue(TOKENTYPES.time)).time();","          }","          break;","        case TOKENTYPES.and:","          break;","        case TOKENTYPES.also:","          r.and();","          break;","        case TOKENTYPES.except:","          r.except();","          break;","        default:","          error = pos;","      }","    }","","    return {schedules: r.schedules, exceptions: r.exceptions, error: error};","  }","","  /**","  * Parses the next token representing a time period and adds it to","  * the provided recur object.","  *","  * @param {Recur} r: The recurrence to add the time period to","  */","  function parseTimePeriod(r) {","    var timePeriod = parseToken([TOKENTYPES.second, TOKENTYPES.minute,","          TOKENTYPES.hour, TOKENTYPES.dayOfYear, TOKENTYPES.dayOfWeek,","          TOKENTYPES.dayInstance, TOKENTYPES.day, TOKENTYPES.month,","          TOKENTYPES.year, TOKENTYPES.weekOfMonth, TOKENTYPES.weekOfYear]);","","    switch (timePeriod.type) {","      case TOKENTYPES.second:","        r.second();","        break;","      case TOKENTYPES.minute:","        r.minute();","        break;","      case TOKENTYPES.hour:","        r.hour();","        break;","      case TOKENTYPES.dayOfYear:","        r.dayOfYear();","        break;","      case TOKENTYPES.dayOfWeek:","        r.dayOfWeek();","        break;","      case TOKENTYPES.dayInstance:","        r.dayOfWeekCount();","        break;","      case TOKENTYPES.day:","        r.dayOfMonth();","        break;","      case TOKENTYPES.weekOfMonth:","        r.weekOfMonth();","        break;","      case TOKENTYPES.weekOfYear:","        r.weekOfYear();","        break;","      case TOKENTYPES.month:","        r.month();","        break;","      case TOKENTYPES.year:","        r.year();","        break;","      default:","        error = pos;","    }","","    return timePeriod;","  }","","  /**","  * Checks the next token to see if it is of tokenType. Returns true if","  * it is and discards the token.  Returns false otherwise.","  *","  * @param {TokenType} tokenType: The type or types of token to parse","  */","  function checkAndParse(tokenType) {","    var found = (peek(tokenType)).type === tokenType;","    if (found) {","      scan(tokenType);","    }","    return found;","  }","","  /**","  * Parses and returns the next token.","  *","  * @param {TokenType} tokenType: The type or types of token to parse","  */","  function parseToken(tokenType) {","    var t = scan(tokenType);","    if (t.type) {","      t.text = convertString(t.text, tokenType);","    }","    else {","      error = pos;","    }","    return t;","  }","","  /**","  * Returns the text value of the token that was parsed.","  *","  * @param {TokenType} tokenType: The type of token to parse","  */","  function parseTokenValue(tokenType) {","    return (parseToken(tokenType)).text;","  }","","  /**","  * Converts a string value to a numerical value based on the type of","  * token that was parsed.","  *","  * @param {String} str: The schedule string to parse","  * @param {TokenType} tokenType: The type of token to convert","  */","  function convertString(str, tokenType) {","    var output = str;","","    switch (tokenType) {","      case TOKENTYPES.time:","        var parts = str.split(/(:|am|pm)/),","            hour = parts[3] === 'pm' && parts[0] < 12 ? parseInt(parts[0],10) + 12 : parts[0],","            min = parts[2].trim();","","        output = (hour.length === 1 ? '0' : '') + hour + \":\" + min;","        break;","","      case TOKENTYPES.rank:","        output = parseInt((/^\\d+/.exec(str))[0],10);","        break;","","      case TOKENTYPES.monthName:","      case TOKENTYPES.dayName:","        output = NAMES[str.substring(0,3)];","        break;","    }","","    return output;","  }","","  return parseScheduleExpr(str.toLowerCase());","};"],"l":{"12":1,"14":0,"20":0,"59":0,"73":1,"74":0,"83":1,"84":0,"88":0,"91":0,"92":0,"93":0,"94":0,"95":0,"97":0,"98":0,"99":0,"100":0,"101":0,"102":0,"103":0,"108":0,"109":0,"113":0,"121":1,"122":0,"123":0,"124":0,"133":1,"134":0,"138":0,"139":0,"142":0,"151":1,"152":0,"153":0,"154":0,"156":0,"164":1,"165":0,"167":0,"168":0,"170":0,"171":0,"174":0,"175":0,"176":0,"178":0,"179":0,"180":0,"181":0,"183":0,"184":0,"185":0,"186":0,"187":0,"198":1,"199":0,"200":0,"202":0,"203":0,"206":0,"209":0,"220":1,"221":0,"222":0,"223":0,"225":0,"226":0,"228":0,"233":0,"235":0,"236":0,"238":0,"239":0,"240":0,"243":0,"244":0,"246":0,"248":0,"249":0,"250":0,"253":0,"254":0,"256":0,"258":0,"259":0,"261":0,"262":0,"264":0,"265":0,"267":0,"268":0,"270":0,"271":0,"272":0,"274":0,"276":0,"278":0,"279":0,"281":0,"282":0,"284":0,"288":0,"297":1,"298":0,"303":0,"305":0,"306":0,"308":0,"309":0,"311":0,"312":0,"314":0,"315":0,"317":0,"318":0,"320":0,"321":0,"323":0,"324":0,"326":0,"327":0,"329":0,"330":0,"332":0,"333":0,"335":0,"336":0,"338":0,"341":0,"350":1,"351":0,"352":0,"353":0,"355":0,"363":1,"364":0,"365":0,"366":0,"369":0,"371":0,"379":1,"380":0,"390":1,"391":0,"393":0,"395":0,"399":0,"400":0,"403":0,"404":0,"408":0,"409":0,"412":0,"415":0}}}